Flow report for TOP_SCOMP
Mon Oct 12 15:35:14 2015
Quartus II Version 9.1 Build 350 03/24/2010 Service Pack 2 SJ Web Edition


---------------------
; Table of Contents ;
---------------------
  1. Legal Notice
  2. Flow Summary
  3. Flow Settings
  4. Flow Non-Default Global Settings
  5. Flow Elapsed Time
  6. Flow OS Summary
  7. Flow Log



----------------
; Legal Notice ;
----------------
Copyright (C) 1991-2010 Altera Corporation
Your use of Altera Corporation's design tools, logic functions 
and other software and tools, and its AMPP partner logic 
functions, and any output files from any of the foregoing 
(including device programming or simulation files), and any 
associated documentation or information are expressly subject 
to the terms and conditions of the Altera Program License 
Subscription Agreement, Altera MegaCore Function License 
Agreement, or other applicable license agreement, including, 
without limitation, that your use is for the sole purpose of 
programming logic devices manufactured by Altera and sold by 
Altera or its authorized distributors.  Please refer to the 
applicable agreement for further details.



+-----------------------------------------------------------------------------------+
; Flow Summary                                                                      ;
+------------------------------------+----------------------------------------------+
; Flow Status                        ; Successful - Mon Oct 12 15:35:14 2015        ;
; Quartus II Version                 ; 9.1 Build 350 03/24/2010 SP 2 SJ Web Edition ;
; Revision Name                      ; TOP_SCOMP                                    ;
; Top-level Entity Name              ; TOP_SCOMP                                    ;
; Family                             ; Cyclone II                                   ;
; Device                             ; EP2C35F672C6                                 ;
; Timing Models                      ; Final                                        ;
; Met timing requirements            ; Yes                                          ;
; Total logic elements               ; 195 / 33,216 ( < 1 % )                       ;
;     Total combinational functions  ; 179 / 33,216 ( < 1 % )                       ;
;     Dedicated logic registers      ; 59 / 33,216 ( < 1 % )                        ;
; Total registers                    ; 59                                           ;
; Total pins                         ; 13 / 475 ( 3 % )                             ;
; Total virtual pins                 ; 0                                            ;
; Total memory bits                  ; 16,384 / 483,840 ( 3 % )                     ;
; Embedded Multiplier 9-bit elements ; 0 / 70 ( 0 % )                               ;
; Total PLLs                         ; 1 / 4 ( 25 % )                               ;
+------------------------------------+----------------------------------------------+


+-----------------------------------------+
; Flow Settings                           ;
+-------------------+---------------------+
; Option            ; Setting             ;
+-------------------+---------------------+
; Start date & time ; 10/12/2015 15:34:58 ;
; Main task         ; Compilation         ;
; Revision Name     ; TOP_SCOMP           ;
+-------------------+---------------------+


+----------------------------------------------------------------------------------------------------------------------------------------------------------------------------+
; Flow Non-Default Global Settings                                                                                                                                           ;
+------------------------------------+----------------------------------------------------------------------------------------+---------------+-------------+----------------+
; Assignment Name                    ; Value                                                                                  ; Default Value ; Entity Name ; Section Id     ;
+------------------------------------+----------------------------------------------------------------------------------------+---------------+-------------+----------------+
; COMPILER_SIGNATURE_ID              ; 90274942946804.144467849802416                                                         ; --            ; --          ; --             ;
; IP_TOOL_NAME                       ; ALTPLL                                                                                 ; --            ; --          ; --             ;
; IP_TOOL_VERSION                    ; 9.1                                                                                    ; --            ; --          ; --             ;
; MAX_CORE_JUNCTION_TEMP             ; 85                                                                                     ; --            ; --          ; --             ;
; MIN_CORE_JUNCTION_TEMP             ; 0                                                                                      ; --            ; --          ; --             ;
; MISC_FILE                          ; altpll0.bsf                                                                            ; --            ; --          ; --             ;
; MISC_FILE                          ; altpll0.cmp                                                                            ; --            ; --          ; --             ;
; MISC_FILE                          ; altpll0.ppf                                                                            ; --            ; --          ; --             ;
; MISC_FILE                          ; E:/Lab_7_SCOMP/TOP_SCOMP.dpf                                                           ; --            ; --          ; --             ;
; MISC_FILE                          ; C:/Users/Kairi/Dropbox/Academics/2015 Fall/ECE 2031/Projects/Lab_7_SCOMP/TOP_SCOMP.dpf ; --            ; --          ; --             ;
; PARTITION_COLOR                    ; 16764057                                                                               ; --            ; --          ; Top            ;
; PARTITION_NETLIST_TYPE             ; SOURCE                                                                                 ; --            ; --          ; Top            ;
; USE_GENERATED_PHYSICAL_CONSTRAINTS ; Off                                                                                    ; --            ; --          ; eda_blast_fpga ;
+------------------------------------+----------------------------------------------------------------------------------------+---------------+-------------+----------------+


+-----------------------------------------------------------------------------------------------------------------------------+
; Flow Elapsed Time                                                                                                           ;
+-------------------------+--------------+-------------------------+---------------------+------------------------------------+
; Module Name             ; Elapsed Time ; Average Processors Used ; Peak Virtual Memory ; Total CPU Time (on all processors) ;
+-------------------------+--------------+-------------------------+---------------------+------------------------------------+
; Analysis & Synthesis    ; 00:00:02     ; 1.0                     ; 272 MB              ; 00:00:03                           ;
; Fitter                  ; 00:00:08     ; 1.0                     ; 318 MB              ; 00:00:09                           ;
; Assembler               ; 00:00:03     ; 1.0                     ; 284 MB              ; 00:00:02                           ;
; Classic Timing Analyzer ; 00:00:00     ; 1.0                     ; 189 MB              ; 00:00:01                           ;
; Total                   ; 00:00:13     ; --                      ; --                  ; 00:00:15                           ;
+-------------------------+--------------+-------------------------+---------------------+------------------------------------+


+------------------------------------------------------------------------------------------+
; Flow OS Summary                                                                          ;
+-------------------------+------------------+---------------+------------+----------------+
; Module Name             ; Machine Hostname ; OS Name       ; OS Version ; Processor type ;
+-------------------------+------------------+---------------+------------+----------------+
; Analysis & Synthesis    ; SurfaceoPro3K2   ; Windows Vista ; 6.2        ; x86_64         ;
; Fitter                  ; SurfaceoPro3K2   ; Windows Vista ; 6.2        ; x86_64         ;
; Assembler               ; SurfaceoPro3K2   ; Windows Vista ; 6.2        ; x86_64         ;
; Classic Timing Analyzer ; SurfaceoPro3K2   ; Windows Vista ; 6.2        ; x86_64         ;
+-------------------------+------------------+---------------+------------+----------------+


------------
; Flow Log ;
------------
quartus_map --read_settings_files=on --write_settings_files=off TOP_SCOMP -c TOP_SCOMP
quartus_fit --read_settings_files=off --write_settings_files=off TOP_SCOMP -c TOP_SCOMP
quartus_asm --read_settings_files=off --write_settings_files=off TOP_SCOMP -c TOP_SCOMP
quartus_tan --read_settings_files=off --write_settings_files=off TOP_SCOMP -c TOP_SCOMP --timing_analysis_only



