Analysis & Synthesis report for scomp
Thu Oct 22 14:19:14 2015
Quartus II Version 9.1 Build 350 03/24/2010 Service Pack 2 SJ Full Version


---------------------
; Table of Contents ;
---------------------
  1. Legal Notice
  2. Analysis & Synthesis Summary
  3. Analysis & Synthesis Settings
  4. Parallel Compilation
  5. Analysis & Synthesis Source Files Read
  6. Analysis & Synthesis Resource Usage Summary
  7. Analysis & Synthesis Resource Utilization by Entity
  8. Analysis & Synthesis RAM Summary
  9. State Machine - |SCOMP|STATE
 10. Registers Removed During Synthesis
 11. General Register Statistics
 12. Multiplexer Restructuring Statistics (Restructuring Performed)
 13. Source assignments for altsyncram:MEMORY|altsyncram_8ht3:auto_generated
 14. Parameter Settings for User Entity Instance: altsyncram:MEMORY
 15. Parameter Settings for User Entity Instance: LPM_CLSHIFT:SHIFTER
 16. Parameter Settings for User Entity Instance: LPM_BUSTRI:IO_BUS
 17. altsyncram Parameter Settings by Entity Instance
 18. Analysis & Synthesis Messages



----------------
; Legal Notice ;
----------------
Copyright (C) 1991-2010 Altera Corporation
Your use of Altera Corporation's design tools, logic functions 
and other software and tools, and its AMPP partner logic 
functions, and any output files from any of the foregoing 
(including device programming or simulation files), and any 
associated documentation or information are expressly subject 
to the terms and conditions of the Altera Program License 
Subscription Agreement, Altera MegaCore Function License 
Agreement, or other applicable license agreement, including, 
without limitation, that your use is for the sole purpose of 
programming logic devices manufactured by Altera and sold by 
Altera or its authorized distributors.  Please refer to the 
applicable agreement for further details.



+------------------------------------------------------------------------------------+
; Analysis & Synthesis Summary                                                       ;
+------------------------------------+-----------------------------------------------+
; Analysis & Synthesis Status        ; Successful - Thu Oct 22 14:19:14 2015         ;
; Quartus II Version                 ; 9.1 Build 350 03/24/2010 SP 2 SJ Full Version ;
; Revision Name                      ; scomp                                         ;
; Top-level Entity Name              ; SCOMP                                         ;
; Family                             ; Cyclone II                                    ;
; Total logic elements               ; 364                                           ;
;     Total combinational functions  ; 335                                           ;
;     Dedicated logic registers      ; 73                                            ;
; Total registers                    ; 73                                            ;
; Total pins                         ; 82                                            ;
; Total virtual pins                 ; 0                                             ;
; Total memory bits                  ; 16,384                                        ;
; Embedded Multiplier 9-bit elements ; 0                                             ;
; Total PLLs                         ; 0                                             ;
+------------------------------------+-----------------------------------------------+


+----------------------------------------------------------------------------------------------------------------------+
; Analysis & Synthesis Settings                                                                                        ;
+----------------------------------------------------------------------------+--------------------+--------------------+
; Option                                                                     ; Setting            ; Default Value      ;
+----------------------------------------------------------------------------+--------------------+--------------------+
; Device                                                                     ; EP2C35F672C6       ;                    ;
; Top-level entity name                                                      ; scomp              ; scomp              ;
; Family name                                                                ; Cyclone II         ; Stratix II         ;
; Use smart compilation                                                      ; Off                ; Off                ;
; Enable parallel Assembler and TimeQuest Timing Analyzer during compilation ; On                 ; On                 ;
; Enable compact report table                                                ; Off                ; Off                ;
; Restructure Multiplexers                                                   ; Auto               ; Auto               ;
; Create Debugging Nodes for IP Cores                                        ; Off                ; Off                ;
; Preserve fewer node names                                                  ; On                 ; On                 ;
; Disable OpenCore Plus hardware evaluation                                  ; Off                ; Off                ;
; Verilog Version                                                            ; Verilog_2001       ; Verilog_2001       ;
; VHDL Version                                                               ; VHDL_1993          ; VHDL_1993          ;
; State Machine Processing                                                   ; Auto               ; Auto               ;
; Safe State Machine                                                         ; Off                ; Off                ;
; Extract Verilog State Machines                                             ; On                 ; On                 ;
; Extract VHDL State Machines                                                ; On                 ; On                 ;
; Ignore Verilog initial constructs                                          ; Off                ; Off                ;
; Iteration limit for constant Verilog loops                                 ; 5000               ; 5000               ;
; Iteration limit for non-constant Verilog loops                             ; 250                ; 250                ;
; Add Pass-Through Logic to Inferred RAMs                                    ; On                 ; On                 ;
; Parallel Synthesis                                                         ; Off                ; Off                ;
; DSP Block Balancing                                                        ; Auto               ; Auto               ;
; NOT Gate Push-Back                                                         ; On                 ; On                 ;
; Power-Up Don't Care                                                        ; On                 ; On                 ;
; Remove Redundant Logic Cells                                               ; Off                ; Off                ;
; Remove Duplicate Registers                                                 ; On                 ; On                 ;
; Ignore CARRY Buffers                                                       ; Off                ; Off                ;
; Ignore CASCADE Buffers                                                     ; Off                ; Off                ;
; Ignore GLOBAL Buffers                                                      ; Off                ; Off                ;
; Ignore ROW GLOBAL Buffers                                                  ; Off                ; Off                ;
; Ignore LCELL Buffers                                                       ; Off                ; Off                ;
; Ignore SOFT Buffers                                                        ; On                 ; On                 ;
; Limit AHDL Integers to 32 Bits                                             ; Off                ; Off                ;
; Optimization Technique                                                     ; Balanced           ; Balanced           ;
; Carry Chain Length                                                         ; 70                 ; 70                 ;
; Auto Carry Chains                                                          ; On                 ; On                 ;
; Auto Open-Drain Pins                                                       ; On                 ; On                 ;
; Perform WYSIWYG Primitive Resynthesis                                      ; Off                ; Off                ;
; Auto ROM Replacement                                                       ; On                 ; On                 ;
; Auto RAM Replacement                                                       ; On                 ; On                 ;
; Auto Shift Register Replacement                                            ; Auto               ; Auto               ;
; Auto Clock Enable Replacement                                              ; On                 ; On                 ;
; Strict RAM Replacement                                                     ; Off                ; Off                ;
; Allow Synchronous Control Signals                                          ; On                 ; On                 ;
; Force Use of Synchronous Clear Signals                                     ; Off                ; Off                ;
; Auto RAM to Logic Cell Conversion                                          ; Off                ; Off                ;
; Auto Resource Sharing                                                      ; Off                ; Off                ;
; Allow Any RAM Size For Recognition                                         ; Off                ; Off                ;
; Allow Any ROM Size For Recognition                                         ; Off                ; Off                ;
; Allow Any Shift Register Size For Recognition                              ; Off                ; Off                ;
; Use LogicLock Constraints during Resource Balancing                        ; On                 ; On                 ;
; Ignore translate_off and synthesis_off directives                          ; Off                ; Off                ;
; Timing-Driven Synthesis                                                    ; Off                ; Off                ;
; Show Parameter Settings Tables in Synthesis Report                         ; On                 ; On                 ;
; Ignore Maximum Fan-Out Assignments                                         ; Off                ; Off                ;
; Synchronization Register Chain Length                                      ; 2                  ; 2                  ;
; PowerPlay Power Optimization                                               ; Normal compilation ; Normal compilation ;
; HDL message level                                                          ; Level2             ; Level2             ;
; Suppress Register Optimization Related Messages                            ; Off                ; Off                ;
; Number of Removed Registers Reported in Synthesis Report                   ; 5000               ; 5000               ;
; Number of Inverted Registers Reported in Synthesis Report                  ; 100                ; 100                ;
; Clock MUX Protection                                                       ; On                 ; On                 ;
; Auto Gated Clock Conversion                                                ; Off                ; Off                ;
; Block Design Naming                                                        ; Auto               ; Auto               ;
; SDC constraint protection                                                  ; Off                ; Off                ;
; Synthesis Effort                                                           ; Auto               ; Auto               ;
; Shift Register Replacement - Allow Asynchronous Clear Signal               ; On                 ; On                 ;
; Analysis & Synthesis Message Level                                         ; Medium             ; Medium             ;
; Disable Register Merging Across Hierarchies                                ; Auto               ; Auto               ;
; Resource Aware Inference For Block RAM                                     ; On                 ; On                 ;
+----------------------------------------------------------------------------+--------------------+--------------------+


+------------------------------------------+
; Parallel Compilation                     ;
+----------------------------+-------------+
; Processors                 ; Number      ;
+----------------------------+-------------+
; Number detected on machine ; 2           ;
; Maximum allowed            ; 2           ;
;                            ;             ;
; Average used               ; 1.00        ;
; Maximum used               ; 1           ;
;                            ;             ;
; Usage by Processor         ; % Time Used ;
;     1 processor            ; 100.0%      ;
;     2 processors           ;   0.0%      ;
+----------------------------+-------------+


+-----------------------------------------------------------------------------------------------------------------------------------------------------------------+
; Analysis & Synthesis Source Files Read                                                                                                                          ;
+----------------------------------+-----------------+----------------------------------------+-------------------------------------------------------------------+
; File Name with User-Entered Path ; Used in Netlist ; File Type                              ; File Name with Absolute Path                                      ;
+----------------------------------+-----------------+----------------------------------------+-------------------------------------------------------------------+
; scomp.vhd                        ; yes             ; User VHDL File                         ; E:/Lab_8_SCOMP_IO/scomp.vhd                                       ;
; altsyncram.tdf                   ; yes             ; Megafunction                           ; c:/appl/altera/91/quartus/libraries/megafunctions/altsyncram.tdf  ;
; db/altsyncram_8ht3.tdf           ; yes             ; Auto-Generated Megafunction            ; E:/Lab_8_SCOMP_IO/db/altsyncram_8ht3.tdf                          ;
; lab8_prelab.mif                  ; yes             ; Auto-Found Memory Initialization File  ; E:/Lab_8_SCOMP_IO/lab8_prelab.mif                                 ;
; lpm_clshift.tdf                  ; yes             ; Megafunction                           ; c:/appl/altera/91/quartus/libraries/megafunctions/lpm_clshift.tdf ;
; db/lpm_clshift_0kc.tdf           ; yes             ; Auto-Generated Megafunction            ; E:/Lab_8_SCOMP_IO/db/lpm_clshift_0kc.tdf                          ;
; lpm_bustri.tdf                   ; yes             ; Megafunction                           ; c:/appl/altera/91/quartus/libraries/megafunctions/lpm_bustri.tdf  ;
+----------------------------------+-----------------+----------------------------------------+-------------------------------------------------------------------+


+-----------------------------------------------------+
; Analysis & Synthesis Resource Usage Summary         ;
+---------------------------------------------+-------+
; Resource                                    ; Usage ;
+---------------------------------------------+-------+
; Estimated Total logic elements              ; 364   ;
;                                             ;       ;
; Total combinational functions               ; 335   ;
; Logic element usage by number of LUT inputs ;       ;
;     -- 4 input functions                    ; 207   ;
;     -- 3 input functions                    ; 109   ;
;     -- <=2 input functions                  ; 19    ;
;                                             ;       ;
; Logic elements by mode                      ;       ;
;     -- normal mode                          ; 310   ;
;     -- arithmetic mode                      ; 25    ;
;                                             ;       ;
; Total registers                             ; 73    ;
;     -- Dedicated logic registers            ; 73    ;
;     -- I/O registers                        ; 0     ;
;                                             ;       ;
; I/O pins                                    ; 82    ;
; Total memory bits                           ; 16384 ;
; Maximum fan-out node                        ; CLOCK ;
; Maximum fan-out                             ; 89    ;
; Total fan-out                               ; 1697  ;
; Average fan-out                             ; 3.35  ;
+---------------------------------------------+-------+


+-------------------------------------------------------------------------------------------------------------------------------------------------------------------------------------------------------------------------------+
; Analysis & Synthesis Resource Utilization by Entity                                                                                                                                                                           ;
+----------------------------------------+-------------------+--------------+-------------+--------------+---------+-----------+------+--------------+-----------------------------------------------------------+--------------+
; Compilation Hierarchy Node             ; LC Combinationals ; LC Registers ; Memory Bits ; DSP Elements ; DSP 9x9 ; DSP 18x18 ; Pins ; Virtual Pins ; Full Hierarchy Name                                       ; Library Name ;
+----------------------------------------+-------------------+--------------+-------------+--------------+---------+-----------+------+--------------+-----------------------------------------------------------+--------------+
; |SCOMP                                 ; 335 (249)         ; 73 (73)      ; 16384       ; 0            ; 0       ; 0         ; 82   ; 0            ; |SCOMP                                                    ; work         ;
;    |altsyncram:MEMORY|                 ; 0 (0)             ; 0 (0)        ; 16384       ; 0            ; 0       ; 0         ; 0    ; 0            ; |SCOMP|altsyncram:MEMORY                                  ;              ;
;       |altsyncram_8ht3:auto_generated| ; 0 (0)             ; 0 (0)        ; 16384       ; 0            ; 0       ; 0         ; 0    ; 0            ; |SCOMP|altsyncram:MEMORY|altsyncram_8ht3:auto_generated   ; work         ;
;    |lpm_clshift:SHIFTER|               ; 86 (0)            ; 0 (0)        ; 0           ; 0            ; 0       ; 0         ; 0    ; 0            ; |SCOMP|lpm_clshift:SHIFTER                                ; work         ;
;       |lpm_clshift_0kc:auto_generated| ; 86 (86)           ; 0 (0)        ; 0           ; 0            ; 0       ; 0         ; 0    ; 0            ; |SCOMP|lpm_clshift:SHIFTER|lpm_clshift_0kc:auto_generated ;              ;
+----------------------------------------+-------------------+--------------+-------------+--------------+---------+-----------+------+--------------+-----------------------------------------------------------+--------------+
Note: For table entries with two numbers listed, the numbers in parentheses indicate the number of resources of the given type used by the specific entity alone. The numbers listed outside of parentheses indicate the total resources of the given type used by the specific entity and all of its sub-entities in the hierarchy.


+------------------------------------------------------------------------------------------------------------------------------------------------------------------------+
; Analysis & Synthesis RAM Summary                                                                                                                                       ;
+-------------------------------------------------------------+------+-------------+--------------+--------------+--------------+--------------+-------+-----------------+
; Name                                                        ; Type ; Mode        ; Port A Depth ; Port A Width ; Port B Depth ; Port B Width ; Size  ; MIF             ;
+-------------------------------------------------------------+------+-------------+--------------+--------------+--------------+--------------+-------+-----------------+
; altsyncram:MEMORY|altsyncram_8ht3:auto_generated|ALTSYNCRAM ; AUTO ; Single Port ; 1024         ; 16           ; --           ; --           ; 16384 ; lab8_prelab.mif ;
+-------------------------------------------------------------+------+-------------+--------------+--------------+--------------+--------------+-------+-----------------+


Encoding Type:  One-Hot
+-----------------------------------------------------------------------------------------------------------------------------------------------------------------------------------------------------------------------------------------------------------------------------------------------------------------------------------------------------------------------------+
; State Machine - |SCOMP|STATE                                                                                                                                                                                                                                                                                                                                                ;
+-----------------+---------------+--------------+-------------+-----------------+---------------+---------------+----------------+--------------+-------------+--------------+----------------+---------------+---------------+---------------+--------------+--------------+-----------------+----------------+---------------+--------------+-------------+----------------+
; Name            ; STATE.EX_OUT2 ; STATE.EX_OUT ; STATE.EX_IN ; STATE.EX_RETURN ; STATE.EX_CALL ; STATE.EX_ADDI ; STATE.EX_SHIFT ; STATE.EX_XOR ; STATE.EX_OR ; STATE.EX_AND ; STATE.EX_JZERO ; STATE.EX_JPOS ; STATE.EX_JNEG ; STATE.EX_JUMP ; STATE.EX_SUB ; STATE.EX_ADD ; STATE.EX_STORE2 ; STATE.EX_STORE ; STATE.EX_LOAD ; STATE.DECODE ; STATE.FETCH ; STATE.RESET_PC ;
+-----------------+---------------+--------------+-------------+-----------------+---------------+---------------+----------------+--------------+-------------+--------------+----------------+---------------+---------------+---------------+--------------+--------------+-----------------+----------------+---------------+--------------+-------------+----------------+
; STATE.RESET_PC  ; 0             ; 0            ; 0           ; 0               ; 0             ; 0             ; 0              ; 0            ; 0           ; 0            ; 0              ; 0             ; 0             ; 0             ; 0            ; 0            ; 0               ; 0              ; 0             ; 0            ; 0           ; 0              ;
; STATE.FETCH     ; 0             ; 0            ; 0           ; 0               ; 0             ; 0             ; 0              ; 0            ; 0           ; 0            ; 0              ; 0             ; 0             ; 0             ; 0            ; 0            ; 0               ; 0              ; 0             ; 0            ; 1           ; 1              ;
; STATE.DECODE    ; 0             ; 0            ; 0           ; 0               ; 0             ; 0             ; 0              ; 0            ; 0           ; 0            ; 0              ; 0             ; 0             ; 0             ; 0            ; 0            ; 0               ; 0              ; 0             ; 1            ; 0           ; 1              ;
; STATE.EX_LOAD   ; 0             ; 0            ; 0           ; 0               ; 0             ; 0             ; 0              ; 0            ; 0           ; 0            ; 0              ; 0             ; 0             ; 0             ; 0            ; 0            ; 0               ; 0              ; 1             ; 0            ; 0           ; 1              ;
; STATE.EX_STORE  ; 0             ; 0            ; 0           ; 0               ; 0             ; 0             ; 0              ; 0            ; 0           ; 0            ; 0              ; 0             ; 0             ; 0             ; 0            ; 0            ; 0               ; 1              ; 0             ; 0            ; 0           ; 1              ;
; STATE.EX_STORE2 ; 0             ; 0            ; 0           ; 0               ; 0             ; 0             ; 0              ; 0            ; 0           ; 0            ; 0              ; 0             ; 0             ; 0             ; 0            ; 0            ; 1               ; 0              ; 0             ; 0            ; 0           ; 1              ;
; STATE.EX_ADD    ; 0             ; 0            ; 0           ; 0               ; 0             ; 0             ; 0              ; 0            ; 0           ; 0            ; 0              ; 0             ; 0             ; 0             ; 0            ; 1            ; 0               ; 0              ; 0             ; 0            ; 0           ; 1              ;
; STATE.EX_SUB    ; 0             ; 0            ; 0           ; 0               ; 0             ; 0             ; 0              ; 0            ; 0           ; 0            ; 0              ; 0             ; 0             ; 0             ; 1            ; 0            ; 0               ; 0              ; 0             ; 0            ; 0           ; 1              ;
; STATE.EX_JUMP   ; 0             ; 0            ; 0           ; 0               ; 0             ; 0             ; 0              ; 0            ; 0           ; 0            ; 0              ; 0             ; 0             ; 1             ; 0            ; 0            ; 0               ; 0              ; 0             ; 0            ; 0           ; 1              ;
; STATE.EX_JNEG   ; 0             ; 0            ; 0           ; 0               ; 0             ; 0             ; 0              ; 0            ; 0           ; 0            ; 0              ; 0             ; 1             ; 0             ; 0            ; 0            ; 0               ; 0              ; 0             ; 0            ; 0           ; 1              ;
; STATE.EX_JPOS   ; 0             ; 0            ; 0           ; 0               ; 0             ; 0             ; 0              ; 0            ; 0           ; 0            ; 0              ; 1             ; 0             ; 0             ; 0            ; 0            ; 0               ; 0              ; 0             ; 0            ; 0           ; 1              ;
; STATE.EX_JZERO  ; 0             ; 0            ; 0           ; 0               ; 0             ; 0             ; 0              ; 0            ; 0           ; 0            ; 1              ; 0             ; 0             ; 0             ; 0            ; 0            ; 0               ; 0              ; 0             ; 0            ; 0           ; 1              ;
; STATE.EX_AND    ; 0             ; 0            ; 0           ; 0               ; 0             ; 0             ; 0              ; 0            ; 0           ; 1            ; 0              ; 0             ; 0             ; 0             ; 0            ; 0            ; 0               ; 0              ; 0             ; 0            ; 0           ; 1              ;
; STATE.EX_OR     ; 0             ; 0            ; 0           ; 0               ; 0             ; 0             ; 0              ; 0            ; 1           ; 0            ; 0              ; 0             ; 0             ; 0             ; 0            ; 0            ; 0               ; 0              ; 0             ; 0            ; 0           ; 1              ;
; STATE.EX_XOR    ; 0             ; 0            ; 0           ; 0               ; 0             ; 0             ; 0              ; 1            ; 0           ; 0            ; 0              ; 0             ; 0             ; 0             ; 0            ; 0            ; 0               ; 0              ; 0             ; 0            ; 0           ; 1              ;
; STATE.EX_SHIFT  ; 0             ; 0            ; 0           ; 0               ; 0             ; 0             ; 1              ; 0            ; 0           ; 0            ; 0              ; 0             ; 0             ; 0             ; 0            ; 0            ; 0               ; 0              ; 0             ; 0            ; 0           ; 1              ;
; STATE.EX_ADDI   ; 0             ; 0            ; 0           ; 0               ; 0             ; 1             ; 0              ; 0            ; 0           ; 0            ; 0              ; 0             ; 0             ; 0             ; 0            ; 0            ; 0               ; 0              ; 0             ; 0            ; 0           ; 1              ;
; STATE.EX_CALL   ; 0             ; 0            ; 0           ; 0               ; 1             ; 0             ; 0              ; 0            ; 0           ; 0            ; 0              ; 0             ; 0             ; 0             ; 0            ; 0            ; 0               ; 0              ; 0             ; 0            ; 0           ; 1              ;
; STATE.EX_RETURN ; 0             ; 0            ; 0           ; 1               ; 0             ; 0             ; 0              ; 0            ; 0           ; 0            ; 0              ; 0             ; 0             ; 0             ; 0            ; 0            ; 0               ; 0              ; 0             ; 0            ; 0           ; 1              ;
; STATE.EX_IN     ; 0             ; 0            ; 1           ; 0               ; 0             ; 0             ; 0              ; 0            ; 0           ; 0            ; 0              ; 0             ; 0             ; 0             ; 0            ; 0            ; 0               ; 0              ; 0             ; 0            ; 0           ; 1              ;
; STATE.EX_OUT    ; 0             ; 1            ; 0           ; 0               ; 0             ; 0             ; 0              ; 0            ; 0           ; 0            ; 0              ; 0             ; 0             ; 0             ; 0            ; 0            ; 0               ; 0              ; 0             ; 0            ; 0           ; 1              ;
; STATE.EX_OUT2   ; 1             ; 0            ; 0           ; 0               ; 0             ; 0             ; 0              ; 0            ; 0           ; 0            ; 0              ; 0             ; 0             ; 0             ; 0            ; 0            ; 0               ; 0              ; 0             ; 0            ; 0           ; 1              ;
+-----------------+---------------+--------------+-------------+-----------------+---------------+---------------+----------------+--------------+-------------+--------------+----------------+---------------+---------------+---------------+--------------+--------------+-----------------+----------------+---------------+--------------+-------------+----------------+


+--------------------------------------------------------------------------------+
; Registers Removed During Synthesis                                             ;
+---------------------------------------+----------------------------------------+
; Register name                         ; Reason for Removal                     ;
+---------------------------------------+----------------------------------------+
; STATE.EX_OUT2                         ; Lost fanout                            ;
; STATE.EX_OUT                          ; Lost fanout                            ;
; IO_WRITE_INT                          ; Stuck at VCC due to stuck port data_in ;
; Total Number of Removed Registers = 3 ;                                        ;
+---------------------------------------+----------------------------------------+


+------------------------------------------------------+
; General Register Statistics                          ;
+----------------------------------------------+-------+
; Statistic                                    ; Value ;
+----------------------------------------------+-------+
; Total registers                              ; 73    ;
; Number of registers using Synchronous Clear  ; 0     ;
; Number of registers using Synchronous Load   ; 0     ;
; Number of registers using Asynchronous Clear ; 20    ;
; Number of registers using Asynchronous Load  ; 0     ;
; Number of registers using Clock Enable       ; 53    ;
; Number of registers using Preset             ; 0     ;
+----------------------------------------------+-------+


+------------------------------------------------------------------------------------------------------------------------------------------+
; Multiplexer Restructuring Statistics (Restructuring Performed)                                                                           ;
+--------------------+-----------+---------------+----------------------+------------------------+------------+----------------------------+
; Multiplexer Inputs ; Bus Width ; Baseline Area ; Area if Restructured ; Saving if Restructured ; Registered ; Example Multiplexer Output ;
+--------------------+-----------+---------------+----------------------+------------------------+------------+----------------------------+
; 11:1               ; 10 bits   ; 70 LEs        ; 20 LEs               ; 50 LEs                 ; Yes        ; |SCOMP|PC[4]               ;
; 11:1               ; 16 bits   ; 112 LEs       ; 96 LEs               ; 16 LEs                 ; Yes        ; |SCOMP|AC[9]               ;
; 11:1               ; 16 bits   ; 112 LEs       ; 64 LEs               ; 48 LEs                 ; No         ; |SCOMP|Add1                ;
+--------------------+-----------+---------------+----------------------+------------------------+------------+----------------------------+


+-------------------------------------------------------------------------+
; Source assignments for altsyncram:MEMORY|altsyncram_8ht3:auto_generated ;
+---------------------------------+--------------------+------+-----------+
; Assignment                      ; Value              ; From ; To        ;
+---------------------------------+--------------------+------+-----------+
; OPTIMIZE_POWER_DURING_SYNTHESIS ; NORMAL_COMPILATION ; -    ; -         ;
+---------------------------------+--------------------+------+-----------+


+----------------------------------------------------------------------------+
; Parameter Settings for User Entity Instance: altsyncram:MEMORY             ;
+------------------------------------+----------------------+----------------+
; Parameter Name                     ; Value                ; Type           ;
+------------------------------------+----------------------+----------------+
; BYTE_SIZE_BLOCK                    ; 8                    ; Untyped        ;
; AUTO_CARRY_CHAINS                  ; ON                   ; AUTO_CARRY     ;
; IGNORE_CARRY_BUFFERS               ; OFF                  ; IGNORE_CARRY   ;
; AUTO_CASCADE_CHAINS                ; ON                   ; AUTO_CASCADE   ;
; IGNORE_CASCADE_BUFFERS             ; OFF                  ; IGNORE_CASCADE ;
; WIDTH_BYTEENA                      ; 1                    ; Untyped        ;
; OPERATION_MODE                     ; SINGLE_PORT          ; Untyped        ;
; WIDTH_A                            ; 16                   ; Signed Integer ;
; WIDTHAD_A                          ; 10                   ; Signed Integer ;
; NUMWORDS_A                         ; 1024                 ; Signed Integer ;
; OUTDATA_REG_A                      ; UNREGISTERED         ; Untyped        ;
; ADDRESS_ACLR_A                     ; NONE                 ; Untyped        ;
; OUTDATA_ACLR_A                     ; NONE                 ; Untyped        ;
; WRCONTROL_ACLR_A                   ; NONE                 ; Untyped        ;
; INDATA_ACLR_A                      ; NONE                 ; Untyped        ;
; BYTEENA_ACLR_A                     ; NONE                 ; Untyped        ;
; WIDTH_B                            ; 1                    ; Signed Integer ;
; WIDTHAD_B                          ; 1                    ; Signed Integer ;
; NUMWORDS_B                         ; 0                    ; Signed Integer ;
; INDATA_REG_B                       ; CLOCK1               ; Untyped        ;
; WRCONTROL_WRADDRESS_REG_B          ; CLOCK1               ; Untyped        ;
; RDCONTROL_REG_B                    ; CLOCK1               ; Untyped        ;
; ADDRESS_REG_B                      ; CLOCK1               ; Untyped        ;
; OUTDATA_REG_B                      ; UNREGISTERED         ; Untyped        ;
; BYTEENA_REG_B                      ; CLOCK1               ; Untyped        ;
; INDATA_ACLR_B                      ; NONE                 ; Untyped        ;
; WRCONTROL_ACLR_B                   ; NONE                 ; Untyped        ;
; ADDRESS_ACLR_B                     ; NONE                 ; Untyped        ;
; OUTDATA_ACLR_B                     ; NONE                 ; Untyped        ;
; RDCONTROL_ACLR_B                   ; NONE                 ; Untyped        ;
; BYTEENA_ACLR_B                     ; NONE                 ; Untyped        ;
; WIDTH_BYTEENA_A                    ; 1                    ; Signed Integer ;
; WIDTH_BYTEENA_B                    ; 1                    ; Signed Integer ;
; RAM_BLOCK_TYPE                     ; AUTO                 ; Untyped        ;
; BYTE_SIZE                          ; 8                    ; Signed Integer ;
; READ_DURING_WRITE_MODE_MIXED_PORTS ; DONT_CARE            ; Untyped        ;
; READ_DURING_WRITE_MODE_PORT_A      ; NEW_DATA_NO_NBE_READ ; Untyped        ;
; READ_DURING_WRITE_MODE_PORT_B      ; NEW_DATA_NO_NBE_READ ; Untyped        ;
; INIT_FILE                          ; lab8_prelab.mif      ; Untyped        ;
; INIT_FILE_LAYOUT                   ; PORT_A               ; Untyped        ;
; MAXIMUM_DEPTH                      ; 0                    ; Signed Integer ;
; CLOCK_ENABLE_INPUT_A               ; NORMAL               ; Untyped        ;
; CLOCK_ENABLE_INPUT_B               ; NORMAL               ; Untyped        ;
; CLOCK_ENABLE_OUTPUT_A              ; NORMAL               ; Untyped        ;
; CLOCK_ENABLE_OUTPUT_B              ; NORMAL               ; Untyped        ;
; CLOCK_ENABLE_CORE_A                ; USE_INPUT_CLKEN      ; Untyped        ;
; CLOCK_ENABLE_CORE_B                ; USE_INPUT_CLKEN      ; Untyped        ;
; ENABLE_ECC                         ; FALSE                ; Untyped        ;
; DEVICE_FAMILY                      ; Cyclone II           ; Untyped        ;
; CBXI_PARAMETER                     ; altsyncram_8ht3      ; Untyped        ;
+------------------------------------+----------------------+----------------+
Note: In order to hide this table in the UI and the text report file, please set the "Show Parameter Settings Tables in Synthesis Report" option in "Analysis and Synthesis Settings -> More Settings" to "Off".


+------------------------------------------------------------------+
; Parameter Settings for User Entity Instance: LPM_CLSHIFT:SHIFTER ;
+----------------+-----------------+-------------------------------+
; Parameter Name ; Value           ; Type                          ;
+----------------+-----------------+-------------------------------+
; LPM_PIPELINE   ; 0               ; Untyped                       ;
; LPM_SHIFTTYPE  ; LOGICAL         ; Untyped                       ;
; LPM_WIDTH      ; 16              ; Signed Integer                ;
; LPM_WIDTHDIST  ; 4               ; Signed Integer                ;
; CBXI_PARAMETER ; lpm_clshift_0kc ; Untyped                       ;
+----------------+-----------------+-------------------------------+
Note: In order to hide this table in the UI and the text report file, please set the "Show Parameter Settings Tables in Synthesis Report" option in "Analysis and Synthesis Settings -> More Settings" to "Off".


+----------------------------------------------------------------+
; Parameter Settings for User Entity Instance: LPM_BUSTRI:IO_BUS ;
+----------------+-------+---------------------------------------+
; Parameter Name ; Value ; Type                                  ;
+----------------+-------+---------------------------------------+
; LPM_WIDTH      ; 16    ; Signed Integer                        ;
+----------------+-------+---------------------------------------+
Note: In order to hide this table in the UI and the text report file, please set the "Show Parameter Settings Tables in Synthesis Report" option in "Analysis and Synthesis Settings -> More Settings" to "Off".


+---------------------------------------------------------------+
; altsyncram Parameter Settings by Entity Instance              ;
+-------------------------------------------+-------------------+
; Name                                      ; Value             ;
+-------------------------------------------+-------------------+
; Number of entity instances                ; 1                 ;
; Entity Instance                           ; altsyncram:MEMORY ;
;     -- OPERATION_MODE                     ; SINGLE_PORT       ;
;     -- WIDTH_A                            ; 16                ;
;     -- NUMWORDS_A                         ; 1024              ;
;     -- OUTDATA_REG_A                      ; UNREGISTERED      ;
;     -- WIDTH_B                            ; 1                 ;
;     -- NUMWORDS_B                         ; 0                 ;
;     -- ADDRESS_REG_B                      ; CLOCK1            ;
;     -- OUTDATA_REG_B                      ; UNREGISTERED      ;
;     -- RAM_BLOCK_TYPE                     ; AUTO              ;
;     -- READ_DURING_WRITE_MODE_MIXED_PORTS ; DONT_CARE         ;
+-------------------------------------------+-------------------+


+-------------------------------+
; Analysis & Synthesis Messages ;
+-------------------------------+
Info: *******************************************************************
Info: Running Quartus II Analysis & Synthesis
    Info: Version 9.1 Build 350 03/24/2010 Service Pack 2 SJ Full Version
    Info: Processing started: Thu Oct 22 14:19:07 2015
Info: Command: quartus_map --read_settings_files=on --write_settings_files=off scomp -c scomp
Info: Parallel compilation is enabled and will use 2 of the 2 processors detected
Info: Found 2 design units, including 1 entities, in source file scomp.vhd
    Info: Found design unit 1: SCOMP-a
    Info: Found entity 1: SCOMP
Info: Elaborating entity "scomp" for the top level hierarchy
Info: Elaborating entity "altsyncram" for hierarchy "altsyncram:MEMORY"
Info: Elaborated megafunction instantiation "altsyncram:MEMORY"
Info: Instantiated megafunction "altsyncram:MEMORY" with the following parameter:
    Info: Parameter "address_aclr_a" = "NONE"
    Info: Parameter "address_aclr_b" = "NONE"
    Info: Parameter "address_reg_b" = "CLOCK1"
    Info: Parameter "byte_size" = "8"
    Info: Parameter "byteena_aclr_a" = "UNUSED"
    Info: Parameter "byteena_aclr_b" = "NONE"
    Info: Parameter "byteena_reg_b" = "CLOCK1"
    Info: Parameter "clock_enable_core_a" = "USE_INPUT_CLKEN"
    Info: Parameter "clock_enable_core_b" = "USE_INPUT_CLKEN"
    Info: Parameter "clock_enable_input_a" = "NORMAL"
    Info: Parameter "clock_enable_input_b" = "NORMAL"
    Info: Parameter "clock_enable_output_a" = "NORMAL"
    Info: Parameter "clock_enable_output_b" = "NORMAL"
    Info: Parameter "intended_device_family" = "Cyclone"
    Info: Parameter "enable_ecc" = "FALSE"
    Info: Parameter "implement_in_les" = "OFF"
    Info: Parameter "indata_aclr_a" = "NONE"
    Info: Parameter "indata_aclr_b" = "NONE"
    Info: Parameter "indata_reg_b" = "CLOCK1"
    Info: Parameter "init_file" = "lab8_prelab.mif"
    Info: Parameter "init_file_layout" = "PORT_A"
    Info: Parameter "maximum_depth" = "0"
    Info: Parameter "numwords_a" = "1024"
    Info: Parameter "numwords_b" = "0"
    Info: Parameter "operation_mode" = "SINGLE_PORT"
    Info: Parameter "outdata_aclr_a" = "NONE"
    Info: Parameter "outdata_aclr_b" = "NONE"
    Info: Parameter "outdata_reg_a" = "UNREGISTERED"
    Info: Parameter "outdata_reg_b" = "UNREGISTERED"
    Info: Parameter "power_up_uninitialized" = "FALSE"
    Info: Parameter "ram_block_type" = "AUTO"
    Info: Parameter "rdcontrol_aclr_b" = "NONE"
    Info: Parameter "rdcontrol_reg_b" = "CLOCK1"
    Info: Parameter "read_during_write_mode_mixed_ports" = "DONT_CARE"
    Info: Parameter "read_during_write_mode_port_a" = "NEW_DATA_NO_NBE_READ"
    Info: Parameter "read_during_write_mode_port_b" = "NEW_DATA_NO_NBE_READ"
    Info: Parameter "stratixiv_m144k_allow_dual_clocks" = "ON"
    Info: Parameter "width_a" = "16"
    Info: Parameter "width_b" = "1"
    Info: Parameter "width_byteena_a" = "1"
    Info: Parameter "width_byteena_b" = "1"
    Info: Parameter "widthad_a" = "10"
    Info: Parameter "widthad_b" = "1"
    Info: Parameter "wrcontrol_aclr_a" = "NONE"
    Info: Parameter "wrcontrol_aclr_b" = "NONE"
    Info: Parameter "wrcontrol_wraddress_reg_b" = "CLOCK1"
    Info: Parameter "lpm_hint" = "ENABLE_RUNTIME_MOD=NO"
    Info: Parameter "lpm_type" = "altsyncram"
Info: Found 1 design units, including 1 entities, in source file db/altsyncram_8ht3.tdf
    Info: Found entity 1: altsyncram_8ht3
Info: Elaborating entity "altsyncram_8ht3" for hierarchy "altsyncram:MEMORY|altsyncram_8ht3:auto_generated"
Info: Elaborating entity "LPM_CLSHIFT" for hierarchy "LPM_CLSHIFT:SHIFTER"
Info: Elaborated megafunction instantiation "LPM_CLSHIFT:SHIFTER"
Info: Instantiated megafunction "LPM_CLSHIFT:SHIFTER" with the following parameter:
    Info: Parameter "LPM_WIDTH" = "16"
    Info: Parameter "LPM_WIDTHDIST" = "4"
    Info: Parameter "LPM_SHIFTTYPE" = "LOGICAL"
    Info: Parameter "LPM_TYPE" = "LPM_CLSHIFT"
    Info: Parameter "LPM_HINT" = "UNUSED"
Info: Found 1 design units, including 1 entities, in source file db/lpm_clshift_0kc.tdf
    Info: Found entity 1: lpm_clshift_0kc
Info: Elaborating entity "lpm_clshift_0kc" for hierarchy "LPM_CLSHIFT:SHIFTER|lpm_clshift_0kc:auto_generated"
Info: Elaborating entity "LPM_BUSTRI" for hierarchy "LPM_BUSTRI:IO_BUS"
Info: Elaborated megafunction instantiation "LPM_BUSTRI:IO_BUS"
Info: Instantiated megafunction "LPM_BUSTRI:IO_BUS" with the following parameter:
    Info: Parameter "LPM_WIDTH" = "16"
    Info: Parameter "LPM_TYPE" = "LPM_BUSTRI"
    Info: Parameter "LPM_HINT" = "UNUSED"
Warning: TRI or OPNDRN buffers permanently enabled
    Warning: Node "lpm_bustri:IO_BUS|dout[0]"
    Warning: Node "lpm_bustri:IO_BUS|dout[1]"
    Warning: Node "lpm_bustri:IO_BUS|dout[2]"
    Warning: Node "lpm_bustri:IO_BUS|dout[3]"
    Warning: Node "lpm_bustri:IO_BUS|dout[4]"
    Warning: Node "lpm_bustri:IO_BUS|dout[5]"
    Warning: Node "lpm_bustri:IO_BUS|dout[6]"
    Warning: Node "lpm_bustri:IO_BUS|dout[7]"
    Warning: Node "lpm_bustri:IO_BUS|dout[8]"
    Warning: Node "lpm_bustri:IO_BUS|dout[9]"
    Warning: Node "lpm_bustri:IO_BUS|dout[10]"
    Warning: Node "lpm_bustri:IO_BUS|dout[11]"
    Warning: Node "lpm_bustri:IO_BUS|dout[12]"
    Warning: Node "lpm_bustri:IO_BUS|dout[13]"
    Warning: Node "lpm_bustri:IO_BUS|dout[14]"
    Warning: Node "lpm_bustri:IO_BUS|dout[15]"
Warning: Output pins are stuck at VCC or GND
    Warning (13410): Pin "IO_WRITE" is stuck at GND
Info: 2 registers lost all their fanouts during netlist optimizations. The first 2 are displayed below.
    Info: Register "STATE.EX_OUT2" lost all its fanouts during netlist optimizations.
    Info: Register "STATE.EX_OUT" lost all its fanouts during netlist optimizations.
Info: Implemented 462 device resources after synthesis - the final resource count might be different
    Info: Implemented 2 input pins
    Info: Implemented 64 output pins
    Info: Implemented 16 bidirectional pins
    Info: Implemented 364 logic cells
    Info: Implemented 16 RAM segments
Info: Quartus II Analysis & Synthesis was successful. 0 errors, 19 warnings
    Info: Peak virtual memory: 250 megabytes
    Info: Processing ended: Thu Oct 22 14:19:15 2015
    Info: Elapsed time: 00:00:08
    Info: Total CPU time (on all processors): 00:00:04


