Analysis & Synthesis report for top_scomp
Thu Oct 22 15:35:21 2015
Quartus II Version 9.1 Build 350 03/24/2010 Service Pack 2 SJ Full Version


---------------------
; Table of Contents ;
---------------------
  1. Legal Notice
  2. Analysis & Synthesis Summary
  3. Analysis & Synthesis Settings
  4. Parallel Compilation
  5. Analysis & Synthesis Source Files Read
  6. Analysis & Synthesis Resource Usage Summary
  7. Analysis & Synthesis Resource Utilization by Entity
  8. Analysis & Synthesis RAM Summary
  9. State Machine - |top_scomp|SCOMP:inst8|STATE
 10. General Register Statistics
 11. Multiplexer Restructuring Statistics (Restructuring Performed)
 12. Source assignments for SCOMP:inst8|altsyncram:MEMORY|altsyncram_0kt3:auto_generated
 13. Parameter Settings for User Entity Instance: altpll0:inst|altpll:altpll_component
 14. Parameter Settings for User Entity Instance: SCOMP:inst8|altsyncram:MEMORY
 15. Parameter Settings for User Entity Instance: SCOMP:inst8|LPM_CLSHIFT:SHIFTER
 16. Parameter Settings for User Entity Instance: SCOMP:inst8|LPM_BUSTRI:IO_BUS
 17. Parameter Settings for User Entity Instance: TIMER:inst7|LPM_BUSTRI:IO_BUS
 18. Parameter Settings for User Entity Instance: DIG_IN:inst5|LPM_BUSTRI:IO_BUS
 19. Parameter Settings for User Entity Instance: DIG_IN:inst6|LPM_BUSTRI:IO_BUS
 20. altpll Parameter Settings by Entity Instance
 21. altsyncram Parameter Settings by Entity Instance
 22. Analysis & Synthesis Messages



----------------
; Legal Notice ;
----------------
Copyright (C) 1991-2010 Altera Corporation
Your use of Altera Corporation's design tools, logic functions 
and other software and tools, and its AMPP partner logic 
functions, and any output files from any of the foregoing 
(including device programming or simulation files), and any 
associated documentation or information are expressly subject 
to the terms and conditions of the Altera Program License 
Subscription Agreement, Altera MegaCore Function License 
Agreement, or other applicable license agreement, including, 
without limitation, that your use is for the sole purpose of 
programming logic devices manufactured by Altera and sold by 
Altera or its authorized distributors.  Please refer to the 
applicable agreement for further details.



+------------------------------------------------------------------------------------+
; Analysis & Synthesis Summary                                                       ;
+------------------------------------+-----------------------------------------------+
; Analysis & Synthesis Status        ; Successful - Thu Oct 22 15:35:21 2015         ;
; Quartus II Version                 ; 9.1 Build 350 03/24/2010 SP 2 SJ Full Version ;
; Revision Name                      ; top_scomp                                     ;
; Top-level Entity Name              ; top_scomp                                     ;
; Family                             ; Cyclone II                                    ;
; Total logic elements               ; 539                                           ;
;     Total combinational functions  ; 476                                           ;
;     Dedicated logic registers      ; 149                                           ;
; Total registers                    ; 149                                           ;
; Total pins                         ; 171                                           ;
; Total virtual pins                 ; 0                                             ;
; Total memory bits                  ; 16,384                                        ;
; Embedded Multiplier 9-bit elements ; 0                                             ;
; Total PLLs                         ; 1                                             ;
+------------------------------------+-----------------------------------------------+


+----------------------------------------------------------------------------------------------------------------------+
; Analysis & Synthesis Settings                                                                                        ;
+----------------------------------------------------------------------------+--------------------+--------------------+
; Option                                                                     ; Setting            ; Default Value      ;
+----------------------------------------------------------------------------+--------------------+--------------------+
; Device                                                                     ; EP2C35F672C6       ;                    ;
; Top-level entity name                                                      ; top_scomp          ; top_scomp          ;
; Family name                                                                ; Cyclone II         ; Stratix II         ;
; Use smart compilation                                                      ; On                 ; Off                ;
; Enable parallel Assembler and TimeQuest Timing Analyzer during compilation ; On                 ; On                 ;
; Enable compact report table                                                ; Off                ; Off                ;
; Restructure Multiplexers                                                   ; Auto               ; Auto               ;
; Create Debugging Nodes for IP Cores                                        ; Off                ; Off                ;
; Preserve fewer node names                                                  ; On                 ; On                 ;
; Disable OpenCore Plus hardware evaluation                                  ; Off                ; Off                ;
; Verilog Version                                                            ; Verilog_2001       ; Verilog_2001       ;
; VHDL Version                                                               ; VHDL_1993          ; VHDL_1993          ;
; State Machine Processing                                                   ; Auto               ; Auto               ;
; Safe State Machine                                                         ; Off                ; Off                ;
; Extract Verilog State Machines                                             ; On                 ; On                 ;
; Extract VHDL State Machines                                                ; On                 ; On                 ;
; Ignore Verilog initial constructs                                          ; Off                ; Off                ;
; Iteration limit for constant Verilog loops                                 ; 5000               ; 5000               ;
; Iteration limit for non-constant Verilog loops                             ; 250                ; 250                ;
; Add Pass-Through Logic to Inferred RAMs                                    ; On                 ; On                 ;
; Parallel Synthesis                                                         ; Off                ; Off                ;
; DSP Block Balancing                                                        ; Auto               ; Auto               ;
; NOT Gate Push-Back                                                         ; On                 ; On                 ;
; Power-Up Don't Care                                                        ; On                 ; On                 ;
; Remove Redundant Logic Cells                                               ; Off                ; Off                ;
; Remove Duplicate Registers                                                 ; On                 ; On                 ;
; Ignore CARRY Buffers                                                       ; Off                ; Off                ;
; Ignore CASCADE Buffers                                                     ; Off                ; Off                ;
; Ignore GLOBAL Buffers                                                      ; Off                ; Off                ;
; Ignore ROW GLOBAL Buffers                                                  ; Off                ; Off                ;
; Ignore LCELL Buffers                                                       ; Off                ; Off                ;
; Ignore SOFT Buffers                                                        ; On                 ; On                 ;
; Limit AHDL Integers to 32 Bits                                             ; Off                ; Off                ;
; Optimization Technique                                                     ; Balanced           ; Balanced           ;
; Carry Chain Length                                                         ; 70                 ; 70                 ;
; Auto Carry Chains                                                          ; On                 ; On                 ;
; Auto Open-Drain Pins                                                       ; On                 ; On                 ;
; Perform WYSIWYG Primitive Resynthesis                                      ; Off                ; Off                ;
; Auto ROM Replacement                                                       ; On                 ; On                 ;
; Auto RAM Replacement                                                       ; On                 ; On                 ;
; Auto Shift Register Replacement                                            ; Auto               ; Auto               ;
; Auto Clock Enable Replacement                                              ; On                 ; On                 ;
; Strict RAM Replacement                                                     ; Off                ; Off                ;
; Allow Synchronous Control Signals                                          ; On                 ; On                 ;
; Force Use of Synchronous Clear Signals                                     ; Off                ; Off                ;
; Auto RAM to Logic Cell Conversion                                          ; Off                ; Off                ;
; Auto Resource Sharing                                                      ; Off                ; Off                ;
; Allow Any RAM Size For Recognition                                         ; Off                ; Off                ;
; Allow Any ROM Size For Recognition                                         ; Off                ; Off                ;
; Allow Any Shift Register Size For Recognition                              ; Off                ; Off                ;
; Use LogicLock Constraints during Resource Balancing                        ; On                 ; On                 ;
; Ignore translate_off and synthesis_off directives                          ; Off                ; Off                ;
; Timing-Driven Synthesis                                                    ; Off                ; Off                ;
; Show Parameter Settings Tables in Synthesis Report                         ; On                 ; On                 ;
; Ignore Maximum Fan-Out Assignments                                         ; Off                ; Off                ;
; Synchronization Register Chain Length                                      ; 2                  ; 2                  ;
; PowerPlay Power Optimization                                               ; Normal compilation ; Normal compilation ;
; HDL message level                                                          ; Level2             ; Level2             ;
; Suppress Register Optimization Related Messages                            ; Off                ; Off                ;
; Number of Removed Registers Reported in Synthesis Report                   ; 5000               ; 5000               ;
; Number of Inverted Registers Reported in Synthesis Report                  ; 100                ; 100                ;
; Clock MUX Protection                                                       ; On                 ; On                 ;
; Auto Gated Clock Conversion                                                ; Off                ; Off                ;
; Block Design Naming                                                        ; Auto               ; Auto               ;
; SDC constraint protection                                                  ; Off                ; Off                ;
; Synthesis Effort                                                           ; Auto               ; Auto               ;
; Shift Register Replacement - Allow Asynchronous Clear Signal               ; On                 ; On                 ;
; Analysis & Synthesis Message Level                                         ; Medium             ; Medium             ;
; Disable Register Merging Across Hierarchies                                ; Auto               ; Auto               ;
; Resource Aware Inference For Block RAM                                     ; On                 ; On                 ;
+----------------------------------------------------------------------------+--------------------+--------------------+


+------------------------------------------+
; Parallel Compilation                     ;
+----------------------------+-------------+
; Processors                 ; Number      ;
+----------------------------+-------------+
; Number detected on machine ; 2           ;
; Maximum allowed            ; 2           ;
;                            ;             ;
; Average used               ; 1.00        ;
; Maximum used               ; 1           ;
;                            ;             ;
; Usage by Processor         ; % Time Used ;
;     1 processor            ; 100.0%      ;
;     2 processors           ;   0.0%      ;
+----------------------------+-------------+


+-----------------------------------------------------------------------------------------------------------------------------------------------------------------+
; Analysis & Synthesis Source Files Read                                                                                                                          ;
+----------------------------------+-----------------+----------------------------------------+-------------------------------------------------------------------+
; File Name with User-Entered Path ; Used in Netlist ; File Type                              ; File Name with Absolute Path                                      ;
+----------------------------------+-----------------+----------------------------------------+-------------------------------------------------------------------+
; timer.vhd                        ; yes             ; User VHDL File                         ; E:/Lab_8_SCOMP_IO/timer.vhd                                       ;
; scomp.vhd                        ; yes             ; User VHDL File                         ; E:/Lab_8_SCOMP_IO/scomp.vhd                                       ;
; top_scomp.bdf                    ; yes             ; User Block Diagram/Schematic File      ; E:/Lab_8_SCOMP_IO/top_scomp.bdf                                   ;
; LEDS.vhd                         ; yes             ; User VHDL File                         ; E:/Lab_8_SCOMP_IO/LEDS.vhd                                        ;
; altpll0.vhd                      ; yes             ; User Wizard-Generated File             ; E:/Lab_8_SCOMP_IO/altpll0.vhd                                     ;
; ACC_CLK_GEN.VHD                  ; yes             ; User VHDL File                         ; E:/Lab_8_SCOMP_IO/ACC_CLK_GEN.VHD                                 ;
; dig_in.vhd                       ; yes             ; User VHDL File                         ; E:/Lab_8_SCOMP_IO/dig_in.vhd                                      ;
; hex_disp.vhd                     ; yes             ; User VHDL File                         ; E:/Lab_8_SCOMP_IO/hex_disp.vhd                                    ;
; altpll.tdf                       ; yes             ; Megafunction                           ; c:/appl/altera/91/quartus/libraries/megafunctions/altpll.tdf      ;
; altsyncram.tdf                   ; yes             ; Megafunction                           ; c:/appl/altera/91/quartus/libraries/megafunctions/altsyncram.tdf  ;
; db/altsyncram_0kt3.tdf           ; yes             ; Auto-Generated Megafunction            ; E:/Lab_8_SCOMP_IO/db/altsyncram_0kt3.tdf                          ;
; led_counter.mif                  ; yes             ; Auto-Found Memory Initialization File  ; E:/Lab_8_SCOMP_IO/led_counter.mif                                 ;
; lpm_clshift.tdf                  ; yes             ; Megafunction                           ; c:/appl/altera/91/quartus/libraries/megafunctions/lpm_clshift.tdf ;
; db/lpm_clshift_0kc.tdf           ; yes             ; Auto-Generated Megafunction            ; E:/Lab_8_SCOMP_IO/db/lpm_clshift_0kc.tdf                          ;
; lpm_bustri.tdf                   ; yes             ; Megafunction                           ; c:/appl/altera/91/quartus/libraries/megafunctions/lpm_bustri.tdf  ;
+----------------------------------+-----------------+----------------------------------------+-------------------------------------------------------------------+


+------------------------------------------------------------------------------------------+
; Analysis & Synthesis Resource Usage Summary                                              ;
+---------------------------------------------+--------------------------------------------+
; Resource                                    ; Usage                                      ;
+---------------------------------------------+--------------------------------------------+
; Estimated Total logic elements              ; 539                                        ;
;                                             ;                                            ;
; Total combinational functions               ; 476                                        ;
; Logic element usage by number of LUT inputs ;                                            ;
;     -- 4 input functions                    ; 302                                        ;
;     -- 3 input functions                    ; 111                                        ;
;     -- <=2 input functions                  ; 63                                         ;
;                                             ;                                            ;
; Logic elements by mode                      ;                                            ;
;     -- normal mode                          ; 415                                        ;
;     -- arithmetic mode                      ; 61                                         ;
;                                             ;                                            ;
; Total registers                             ; 149                                        ;
;     -- Dedicated logic registers            ; 149                                        ;
;     -- I/O registers                        ; 0                                          ;
;                                             ;                                            ;
; I/O pins                                    ; 171                                        ;
; Total memory bits                           ; 16384                                      ;
; Total PLLs                                  ; 1                                          ;
; Maximum fan-out node                        ; altpll0:inst|altpll:altpll_component|_clk0 ;
; Maximum fan-out                             ; 129                                        ;
; Total fan-out                               ; 2392                                       ;
; Average fan-out                             ; 2.94                                       ;
+---------------------------------------------+--------------------------------------------+


+--------------------------------------------------------------------------------------------------------------------------------------------------------------------------------------------------------------------------------------------------+
; Analysis & Synthesis Resource Utilization by Entity                                                                                                                                                                                              ;
+-------------------------------------------+-------------------+--------------+-------------+--------------+---------+-----------+------+--------------+---------------------------------------------------------------------------+--------------+
; Compilation Hierarchy Node                ; LC Combinationals ; LC Registers ; Memory Bits ; DSP Elements ; DSP 9x9 ; DSP 18x18 ; Pins ; Virtual Pins ; Full Hierarchy Name                                                       ; Library Name ;
+-------------------------------------------+-------------------+--------------+-------------+--------------+---------+-----------+------+--------------+---------------------------------------------------------------------------+--------------+
; |top_scomp                                ; 476 (10)          ; 149 (0)      ; 16384       ; 0            ; 0       ; 0         ; 171  ; 0            ; |top_scomp                                                                ; work         ;
;    |DIG_IN:inst6|                         ; 4 (0)             ; 0 (0)        ; 0           ; 0            ; 0       ; 0         ; 0    ; 0            ; |top_scomp|DIG_IN:inst6                                                   ;              ;
;       |lpm_bustri:IO_BUS|                 ; 4 (4)             ; 0 (0)        ; 0           ; 0            ; 0       ; 0         ; 0    ; 0            ; |top_scomp|DIG_IN:inst6|lpm_bustri:IO_BUS                                 ;              ;
;    |LEDS:inst14|                          ; 0 (0)             ; 16 (16)      ; 0           ; 0            ; 0       ; 0         ; 0    ; 0            ; |top_scomp|LEDS:inst14                                                    ;              ;
;    |SCOMP:inst8|                          ; 340 (254)         ; 76 (76)      ; 16384       ; 0            ; 0       ; 0         ; 0    ; 0            ; |top_scomp|SCOMP:inst8                                                    ;              ;
;       |altsyncram:MEMORY|                 ; 0 (0)             ; 0 (0)        ; 16384       ; 0            ; 0       ; 0         ; 0    ; 0            ; |top_scomp|SCOMP:inst8|altsyncram:MEMORY                                  ;              ;
;          |altsyncram_0kt3:auto_generated| ; 0 (0)             ; 0 (0)        ; 16384       ; 0            ; 0       ; 0         ; 0    ; 0            ; |top_scomp|SCOMP:inst8|altsyncram:MEMORY|altsyncram_0kt3:auto_generated   ;              ;
;       |lpm_clshift:SHIFTER|               ; 86 (0)            ; 0 (0)        ; 0           ; 0            ; 0       ; 0         ; 0    ; 0            ; |top_scomp|SCOMP:inst8|lpm_clshift:SHIFTER                                ;              ;
;          |lpm_clshift_0kc:auto_generated| ; 86 (86)           ; 0 (0)        ; 0           ; 0            ; 0       ; 0         ; 0    ; 0            ; |top_scomp|SCOMP:inst8|lpm_clshift:SHIFTER|lpm_clshift_0kc:auto_generated ;              ;
;    |TIMER:inst7|                          ; 62 (17)           ; 16 (16)      ; 0           ; 0            ; 0       ; 0         ; 0    ; 0            ; |top_scomp|TIMER:inst7                                                    ;              ;
;       |lpm_bustri:IO_BUS|                 ; 45 (45)           ; 0 (0)        ; 0           ; 0            ; 0       ; 0         ; 0    ; 0            ; |top_scomp|TIMER:inst7|lpm_bustri:IO_BUS                                  ;              ;
;    |acc_clk_gen:inst19|                   ; 32 (32)           ; 25 (25)      ; 0           ; 0            ; 0       ; 0         ; 0    ; 0            ; |top_scomp|acc_clk_gen:inst19                                             ;              ;
;    |altpll0:inst|                         ; 0 (0)             ; 0 (0)        ; 0           ; 0            ; 0       ; 0         ; 0    ; 0            ; |top_scomp|altpll0:inst                                                   ;              ;
;       |altpll:altpll_component|           ; 0 (0)             ; 0 (0)        ; 0           ; 0            ; 0       ; 0         ; 0    ; 0            ; |top_scomp|altpll0:inst|altpll:altpll_component                           ;              ;
;    |hex_disp:inst15|                      ; 7 (7)             ; 4 (4)        ; 0           ; 0            ; 0       ; 0         ; 0    ; 0            ; |top_scomp|hex_disp:inst15                                                ;              ;
;    |hex_disp:inst21|                      ; 7 (7)             ; 4 (4)        ; 0           ; 0            ; 0       ; 0         ; 0    ; 0            ; |top_scomp|hex_disp:inst21                                                ;              ;
;    |hex_disp:inst22|                      ; 7 (7)             ; 4 (4)        ; 0           ; 0            ; 0       ; 0         ; 0    ; 0            ; |top_scomp|hex_disp:inst22                                                ;              ;
;    |hex_disp:inst27|                      ; 7 (7)             ; 4 (4)        ; 0           ; 0            ; 0       ; 0         ; 0    ; 0            ; |top_scomp|hex_disp:inst27                                                ;              ;
+-------------------------------------------+-------------------+--------------+-------------+--------------+---------+-----------+------+--------------+---------------------------------------------------------------------------+--------------+
Note: For table entries with two numbers listed, the numbers in parentheses indicate the number of resources of the given type used by the specific entity alone. The numbers listed outside of parentheses indicate the total resources of the given type used by the specific entity and all of its sub-entities in the hierarchy.


+------------------------------------------------------------------------------------------------------------------------------------------------------------------------------------+
; Analysis & Synthesis RAM Summary                                                                                                                                                   ;
+-------------------------------------------------------------------------+------+-------------+--------------+--------------+--------------+--------------+-------+-----------------+
; Name                                                                    ; Type ; Mode        ; Port A Depth ; Port A Width ; Port B Depth ; Port B Width ; Size  ; MIF             ;
+-------------------------------------------------------------------------+------+-------------+--------------+--------------+--------------+--------------+-------+-----------------+
; SCOMP:inst8|altsyncram:MEMORY|altsyncram_0kt3:auto_generated|ALTSYNCRAM ; AUTO ; Single Port ; 1024         ; 16           ; --           ; --           ; 16384 ; led_counter.mif ;
+-------------------------------------------------------------------------+------+-------------+--------------+--------------+--------------+--------------+-------+-----------------+


Encoding Type:  One-Hot
+-----------------------------------------------------------------------------------------------------------------------------------------------------------------------------------------------------------------------------------------------------------------------------------------------------------------------------------------------------------------------------+
; State Machine - |top_scomp|SCOMP:inst8|STATE                                                                                                                                                                                                                                                                                                                                ;
+-----------------+---------------+--------------+-------------+-----------------+---------------+---------------+----------------+--------------+-------------+--------------+----------------+---------------+---------------+---------------+--------------+--------------+-----------------+----------------+---------------+--------------+-------------+----------------+
; Name            ; STATE.EX_OUT2 ; STATE.EX_OUT ; STATE.EX_IN ; STATE.EX_RETURN ; STATE.EX_CALL ; STATE.EX_ADDI ; STATE.EX_SHIFT ; STATE.EX_XOR ; STATE.EX_OR ; STATE.EX_AND ; STATE.EX_JZERO ; STATE.EX_JPOS ; STATE.EX_JNEG ; STATE.EX_JUMP ; STATE.EX_SUB ; STATE.EX_ADD ; STATE.EX_STORE2 ; STATE.EX_STORE ; STATE.EX_LOAD ; STATE.DECODE ; STATE.FETCH ; STATE.RESET_PC ;
+-----------------+---------------+--------------+-------------+-----------------+---------------+---------------+----------------+--------------+-------------+--------------+----------------+---------------+---------------+---------------+--------------+--------------+-----------------+----------------+---------------+--------------+-------------+----------------+
; STATE.RESET_PC  ; 0             ; 0            ; 0           ; 0               ; 0             ; 0             ; 0              ; 0            ; 0           ; 0            ; 0              ; 0             ; 0             ; 0             ; 0            ; 0            ; 0               ; 0              ; 0             ; 0            ; 0           ; 0              ;
; STATE.FETCH     ; 0             ; 0            ; 0           ; 0               ; 0             ; 0             ; 0              ; 0            ; 0           ; 0            ; 0              ; 0             ; 0             ; 0             ; 0            ; 0            ; 0               ; 0              ; 0             ; 0            ; 1           ; 1              ;
; STATE.DECODE    ; 0             ; 0            ; 0           ; 0               ; 0             ; 0             ; 0              ; 0            ; 0           ; 0            ; 0              ; 0             ; 0             ; 0             ; 0            ; 0            ; 0               ; 0              ; 0             ; 1            ; 0           ; 1              ;
; STATE.EX_LOAD   ; 0             ; 0            ; 0           ; 0               ; 0             ; 0             ; 0              ; 0            ; 0           ; 0            ; 0              ; 0             ; 0             ; 0             ; 0            ; 0            ; 0               ; 0              ; 1             ; 0            ; 0           ; 1              ;
; STATE.EX_STORE  ; 0             ; 0            ; 0           ; 0               ; 0             ; 0             ; 0              ; 0            ; 0           ; 0            ; 0              ; 0             ; 0             ; 0             ; 0            ; 0            ; 0               ; 1              ; 0             ; 0            ; 0           ; 1              ;
; STATE.EX_STORE2 ; 0             ; 0            ; 0           ; 0               ; 0             ; 0             ; 0              ; 0            ; 0           ; 0            ; 0              ; 0             ; 0             ; 0             ; 0            ; 0            ; 1               ; 0              ; 0             ; 0            ; 0           ; 1              ;
; STATE.EX_ADD    ; 0             ; 0            ; 0           ; 0               ; 0             ; 0             ; 0              ; 0            ; 0           ; 0            ; 0              ; 0             ; 0             ; 0             ; 0            ; 1            ; 0               ; 0              ; 0             ; 0            ; 0           ; 1              ;
; STATE.EX_SUB    ; 0             ; 0            ; 0           ; 0               ; 0             ; 0             ; 0              ; 0            ; 0           ; 0            ; 0              ; 0             ; 0             ; 0             ; 1            ; 0            ; 0               ; 0              ; 0             ; 0            ; 0           ; 1              ;
; STATE.EX_JUMP   ; 0             ; 0            ; 0           ; 0               ; 0             ; 0             ; 0              ; 0            ; 0           ; 0            ; 0              ; 0             ; 0             ; 1             ; 0            ; 0            ; 0               ; 0              ; 0             ; 0            ; 0           ; 1              ;
; STATE.EX_JNEG   ; 0             ; 0            ; 0           ; 0               ; 0             ; 0             ; 0              ; 0            ; 0           ; 0            ; 0              ; 0             ; 1             ; 0             ; 0            ; 0            ; 0               ; 0              ; 0             ; 0            ; 0           ; 1              ;
; STATE.EX_JPOS   ; 0             ; 0            ; 0           ; 0               ; 0             ; 0             ; 0              ; 0            ; 0           ; 0            ; 0              ; 1             ; 0             ; 0             ; 0            ; 0            ; 0               ; 0              ; 0             ; 0            ; 0           ; 1              ;
; STATE.EX_JZERO  ; 0             ; 0            ; 0           ; 0               ; 0             ; 0             ; 0              ; 0            ; 0           ; 0            ; 1              ; 0             ; 0             ; 0             ; 0            ; 0            ; 0               ; 0              ; 0             ; 0            ; 0           ; 1              ;
; STATE.EX_AND    ; 0             ; 0            ; 0           ; 0               ; 0             ; 0             ; 0              ; 0            ; 0           ; 1            ; 0              ; 0             ; 0             ; 0             ; 0            ; 0            ; 0               ; 0              ; 0             ; 0            ; 0           ; 1              ;
; STATE.EX_OR     ; 0             ; 0            ; 0           ; 0               ; 0             ; 0             ; 0              ; 0            ; 1           ; 0            ; 0              ; 0             ; 0             ; 0             ; 0            ; 0            ; 0               ; 0              ; 0             ; 0            ; 0           ; 1              ;
; STATE.EX_XOR    ; 0             ; 0            ; 0           ; 0               ; 0             ; 0             ; 0              ; 1            ; 0           ; 0            ; 0              ; 0             ; 0             ; 0             ; 0            ; 0            ; 0               ; 0              ; 0             ; 0            ; 0           ; 1              ;
; STATE.EX_SHIFT  ; 0             ; 0            ; 0           ; 0               ; 0             ; 0             ; 1              ; 0            ; 0           ; 0            ; 0              ; 0             ; 0             ; 0             ; 0            ; 0            ; 0               ; 0              ; 0             ; 0            ; 0           ; 1              ;
; STATE.EX_ADDI   ; 0             ; 0            ; 0           ; 0               ; 0             ; 1             ; 0              ; 0            ; 0           ; 0            ; 0              ; 0             ; 0             ; 0             ; 0            ; 0            ; 0               ; 0              ; 0             ; 0            ; 0           ; 1              ;
; STATE.EX_CALL   ; 0             ; 0            ; 0           ; 0               ; 1             ; 0             ; 0              ; 0            ; 0           ; 0            ; 0              ; 0             ; 0             ; 0             ; 0            ; 0            ; 0               ; 0              ; 0             ; 0            ; 0           ; 1              ;
; STATE.EX_RETURN ; 0             ; 0            ; 0           ; 1               ; 0             ; 0             ; 0              ; 0            ; 0           ; 0            ; 0              ; 0             ; 0             ; 0             ; 0            ; 0            ; 0               ; 0              ; 0             ; 0            ; 0           ; 1              ;
; STATE.EX_IN     ; 0             ; 0            ; 1           ; 0               ; 0             ; 0             ; 0              ; 0            ; 0           ; 0            ; 0              ; 0             ; 0             ; 0             ; 0            ; 0            ; 0               ; 0              ; 0             ; 0            ; 0           ; 1              ;
; STATE.EX_OUT    ; 0             ; 1            ; 0           ; 0               ; 0             ; 0             ; 0              ; 0            ; 0           ; 0            ; 0              ; 0             ; 0             ; 0             ; 0            ; 0            ; 0               ; 0              ; 0             ; 0            ; 0           ; 1              ;
; STATE.EX_OUT2   ; 1             ; 0            ; 0           ; 0               ; 0             ; 0             ; 0              ; 0            ; 0           ; 0            ; 0              ; 0             ; 0             ; 0             ; 0            ; 0            ; 0               ; 0              ; 0             ; 0            ; 0           ; 1              ;
+-----------------+---------------+--------------+-------------+-----------------+---------------+---------------+----------------+--------------+-------------+--------------+----------------+---------------+---------------+---------------+--------------+--------------+-----------------+----------------+---------------+--------------+-------------+----------------+


+------------------------------------------------------+
; General Register Statistics                          ;
+----------------------------------------------+-------+
; Statistic                                    ; Value ;
+----------------------------------------------+-------+
; Total registers                              ; 149   ;
; Number of registers using Synchronous Clear  ; 23    ;
; Number of registers using Synchronous Load   ; 0     ;
; Number of registers using Asynchronous Clear ; 70    ;
; Number of registers using Asynchronous Load  ; 0     ;
; Number of registers using Clock Enable       ; 54    ;
; Number of registers using Preset             ; 0     ;
+----------------------------------------------+-------+


+---------------------------------------------------------------------------------------------------------------------------------------------+
; Multiplexer Restructuring Statistics (Restructuring Performed)                                                                              ;
+--------------------+-----------+---------------+----------------------+------------------------+------------+-------------------------------+
; Multiplexer Inputs ; Bus Width ; Baseline Area ; Area if Restructured ; Saving if Restructured ; Registered ; Example Multiplexer Output    ;
+--------------------+-----------+---------------+----------------------+------------------------+------------+-------------------------------+
; 11:1               ; 10 bits   ; 70 LEs        ; 20 LEs               ; 50 LEs                 ; Yes        ; |top_scomp|SCOMP:inst8|PC[2]  ;
; 11:1               ; 16 bits   ; 112 LEs       ; 96 LEs               ; 16 LEs                 ; Yes        ; |top_scomp|SCOMP:inst8|AC[12] ;
; 11:1               ; 16 bits   ; 112 LEs       ; 64 LEs               ; 48 LEs                 ; No         ; |top_scomp|SCOMP:inst8|Add1   ;
+--------------------+-----------+---------------+----------------------+------------------------+------------+-------------------------------+


+-------------------------------------------------------------------------------------+
; Source assignments for SCOMP:inst8|altsyncram:MEMORY|altsyncram_0kt3:auto_generated ;
+---------------------------------+--------------------+------+-----------------------+
; Assignment                      ; Value              ; From ; To                    ;
+---------------------------------+--------------------+------+-----------------------+
; OPTIMIZE_POWER_DURING_SYNTHESIS ; NORMAL_COMPILATION ; -    ; -                     ;
+---------------------------------+--------------------+------+-----------------------+


+-----------------------------------------------------------------------------------+
; Parameter Settings for User Entity Instance: altpll0:inst|altpll:altpll_component ;
+-------------------------------+-------------------+-------------------------------+
; Parameter Name                ; Value             ; Type                          ;
+-------------------------------+-------------------+-------------------------------+
; OPERATION_MODE                ; NORMAL            ; Untyped                       ;
; PLL_TYPE                      ; AUTO              ; Untyped                       ;
; QUALIFY_CONF_DONE             ; OFF               ; Untyped                       ;
; COMPENSATE_CLOCK              ; CLK0              ; Untyped                       ;
; SCAN_CHAIN                    ; LONG              ; Untyped                       ;
; PRIMARY_CLOCK                 ; INCLK0            ; Untyped                       ;
; INCLK0_INPUT_FREQUENCY        ; 20000             ; Signed Integer                ;
; INCLK1_INPUT_FREQUENCY        ; 0                 ; Untyped                       ;
; GATE_LOCK_SIGNAL              ; NO                ; Untyped                       ;
; GATE_LOCK_COUNTER             ; 0                 ; Untyped                       ;
; LOCK_HIGH                     ; 1                 ; Untyped                       ;
; LOCK_LOW                      ; 1                 ; Untyped                       ;
; VALID_LOCK_MULTIPLIER         ; 1                 ; Signed Integer                ;
; INVALID_LOCK_MULTIPLIER       ; 5                 ; Signed Integer                ;
; SWITCH_OVER_ON_LOSSCLK        ; OFF               ; Untyped                       ;
; SWITCH_OVER_ON_GATED_LOCK     ; OFF               ; Untyped                       ;
; ENABLE_SWITCH_OVER_COUNTER    ; OFF               ; Untyped                       ;
; SKIP_VCO                      ; OFF               ; Untyped                       ;
; SWITCH_OVER_COUNTER           ; 0                 ; Untyped                       ;
; SWITCH_OVER_TYPE              ; AUTO              ; Untyped                       ;
; FEEDBACK_SOURCE               ; EXTCLK0           ; Untyped                       ;
; BANDWIDTH                     ; 0                 ; Untyped                       ;
; BANDWIDTH_TYPE                ; AUTO              ; Untyped                       ;
; SPREAD_FREQUENCY              ; 0                 ; Untyped                       ;
; DOWN_SPREAD                   ; 0                 ; Untyped                       ;
; SELF_RESET_ON_GATED_LOSS_LOCK ; OFF               ; Untyped                       ;
; SELF_RESET_ON_LOSS_LOCK       ; OFF               ; Untyped                       ;
; CLK9_MULTIPLY_BY              ; 0                 ; Untyped                       ;
; CLK8_MULTIPLY_BY              ; 0                 ; Untyped                       ;
; CLK7_MULTIPLY_BY              ; 0                 ; Untyped                       ;
; CLK6_MULTIPLY_BY              ; 0                 ; Untyped                       ;
; CLK5_MULTIPLY_BY              ; 1                 ; Untyped                       ;
; CLK4_MULTIPLY_BY              ; 1                 ; Untyped                       ;
; CLK3_MULTIPLY_BY              ; 1                 ; Untyped                       ;
; CLK2_MULTIPLY_BY              ; 1                 ; Untyped                       ;
; CLK1_MULTIPLY_BY              ; 1                 ; Untyped                       ;
; CLK0_MULTIPLY_BY              ; 3                 ; Signed Integer                ;
; CLK9_DIVIDE_BY                ; 0                 ; Untyped                       ;
; CLK8_DIVIDE_BY                ; 0                 ; Untyped                       ;
; CLK7_DIVIDE_BY                ; 0                 ; Untyped                       ;
; CLK6_DIVIDE_BY                ; 0                 ; Untyped                       ;
; CLK5_DIVIDE_BY                ; 1                 ; Untyped                       ;
; CLK4_DIVIDE_BY                ; 1                 ; Untyped                       ;
; CLK3_DIVIDE_BY                ; 1                 ; Untyped                       ;
; CLK2_DIVIDE_BY                ; 1                 ; Untyped                       ;
; CLK1_DIVIDE_BY                ; 1                 ; Untyped                       ;
; CLK0_DIVIDE_BY                ; 5                 ; Signed Integer                ;
; CLK9_PHASE_SHIFT              ; 0                 ; Untyped                       ;
; CLK8_PHASE_SHIFT              ; 0                 ; Untyped                       ;
; CLK7_PHASE_SHIFT              ; 0                 ; Untyped                       ;
; CLK6_PHASE_SHIFT              ; 0                 ; Untyped                       ;
; CLK5_PHASE_SHIFT              ; 0                 ; Untyped                       ;
; CLK4_PHASE_SHIFT              ; 0                 ; Untyped                       ;
; CLK3_PHASE_SHIFT              ; 0                 ; Untyped                       ;
; CLK2_PHASE_SHIFT              ; 0                 ; Untyped                       ;
; CLK1_PHASE_SHIFT              ; 0                 ; Untyped                       ;
; CLK0_PHASE_SHIFT              ; -5000             ; Untyped                       ;
; CLK5_TIME_DELAY               ; 0                 ; Untyped                       ;
; CLK4_TIME_DELAY               ; 0                 ; Untyped                       ;
; CLK3_TIME_DELAY               ; 0                 ; Untyped                       ;
; CLK2_TIME_DELAY               ; 0                 ; Untyped                       ;
; CLK1_TIME_DELAY               ; 0                 ; Untyped                       ;
; CLK0_TIME_DELAY               ; 0                 ; Untyped                       ;
; CLK9_DUTY_CYCLE               ; 50                ; Untyped                       ;
; CLK8_DUTY_CYCLE               ; 50                ; Untyped                       ;
; CLK7_DUTY_CYCLE               ; 50                ; Untyped                       ;
; CLK6_DUTY_CYCLE               ; 50                ; Untyped                       ;
; CLK5_DUTY_CYCLE               ; 50                ; Untyped                       ;
; CLK4_DUTY_CYCLE               ; 50                ; Untyped                       ;
; CLK3_DUTY_CYCLE               ; 50                ; Untyped                       ;
; CLK2_DUTY_CYCLE               ; 50                ; Untyped                       ;
; CLK1_DUTY_CYCLE               ; 50                ; Untyped                       ;
; CLK0_DUTY_CYCLE               ; 50                ; Signed Integer                ;
; CLK9_USE_EVEN_COUNTER_MODE    ; OFF               ; Untyped                       ;
; CLK8_USE_EVEN_COUNTER_MODE    ; OFF               ; Untyped                       ;
; CLK7_USE_EVEN_COUNTER_MODE    ; OFF               ; Untyped                       ;
; CLK6_USE_EVEN_COUNTER_MODE    ; OFF               ; Untyped                       ;
; CLK5_USE_EVEN_COUNTER_MODE    ; OFF               ; Untyped                       ;
; CLK4_USE_EVEN_COUNTER_MODE    ; OFF               ; Untyped                       ;
; CLK3_USE_EVEN_COUNTER_MODE    ; OFF               ; Untyped                       ;
; CLK2_USE_EVEN_COUNTER_MODE    ; OFF               ; Untyped                       ;
; CLK1_USE_EVEN_COUNTER_MODE    ; OFF               ; Untyped                       ;
; CLK0_USE_EVEN_COUNTER_MODE    ; OFF               ; Untyped                       ;
; CLK9_USE_EVEN_COUNTER_VALUE   ; OFF               ; Untyped                       ;
; CLK8_USE_EVEN_COUNTER_VALUE   ; OFF               ; Untyped                       ;
; CLK7_USE_EVEN_COUNTER_VALUE   ; OFF               ; Untyped                       ;
; CLK6_USE_EVEN_COUNTER_VALUE   ; OFF               ; Untyped                       ;
; CLK5_USE_EVEN_COUNTER_VALUE   ; OFF               ; Untyped                       ;
; CLK4_USE_EVEN_COUNTER_VALUE   ; OFF               ; Untyped                       ;
; CLK3_USE_EVEN_COUNTER_VALUE   ; OFF               ; Untyped                       ;
; CLK2_USE_EVEN_COUNTER_VALUE   ; OFF               ; Untyped                       ;
; CLK1_USE_EVEN_COUNTER_VALUE   ; OFF               ; Untyped                       ;
; CLK0_USE_EVEN_COUNTER_VALUE   ; OFF               ; Untyped                       ;
; LOCK_WINDOW_UI                ;  0.05             ; Untyped                       ;
; LOCK_WINDOW_UI_BITS           ; UNUSED            ; Untyped                       ;
; VCO_RANGE_DETECTOR_LOW_BITS   ; UNUSED            ; Untyped                       ;
; VCO_RANGE_DETECTOR_HIGH_BITS  ; UNUSED            ; Untyped                       ;
; DPA_MULTIPLY_BY               ; 0                 ; Untyped                       ;
; DPA_DIVIDE_BY                 ; 1                 ; Untyped                       ;
; DPA_DIVIDER                   ; 0                 ; Untyped                       ;
; EXTCLK3_MULTIPLY_BY           ; 1                 ; Untyped                       ;
; EXTCLK2_MULTIPLY_BY           ; 1                 ; Untyped                       ;
; EXTCLK1_MULTIPLY_BY           ; 1                 ; Untyped                       ;
; EXTCLK0_MULTIPLY_BY           ; 1                 ; Untyped                       ;
; EXTCLK3_DIVIDE_BY             ; 1                 ; Untyped                       ;
; EXTCLK2_DIVIDE_BY             ; 1                 ; Untyped                       ;
; EXTCLK1_DIVIDE_BY             ; 1                 ; Untyped                       ;
; EXTCLK0_DIVIDE_BY             ; 1                 ; Untyped                       ;
; EXTCLK3_PHASE_SHIFT           ; 0                 ; Untyped                       ;
; EXTCLK2_PHASE_SHIFT           ; 0                 ; Untyped                       ;
; EXTCLK1_PHASE_SHIFT           ; 0                 ; Untyped                       ;
; EXTCLK0_PHASE_SHIFT           ; 0                 ; Untyped                       ;
; EXTCLK3_TIME_DELAY            ; 0                 ; Untyped                       ;
; EXTCLK2_TIME_DELAY            ; 0                 ; Untyped                       ;
; EXTCLK1_TIME_DELAY            ; 0                 ; Untyped                       ;
; EXTCLK0_TIME_DELAY            ; 0                 ; Untyped                       ;
; EXTCLK3_DUTY_CYCLE            ; 50                ; Untyped                       ;
; EXTCLK2_DUTY_CYCLE            ; 50                ; Untyped                       ;
; EXTCLK1_DUTY_CYCLE            ; 50                ; Untyped                       ;
; EXTCLK0_DUTY_CYCLE            ; 50                ; Untyped                       ;
; VCO_MULTIPLY_BY               ; 0                 ; Untyped                       ;
; VCO_DIVIDE_BY                 ; 0                 ; Untyped                       ;
; SCLKOUT0_PHASE_SHIFT          ; 0                 ; Untyped                       ;
; SCLKOUT1_PHASE_SHIFT          ; 0                 ; Untyped                       ;
; VCO_MIN                       ; 0                 ; Untyped                       ;
; VCO_MAX                       ; 0                 ; Untyped                       ;
; VCO_CENTER                    ; 0                 ; Untyped                       ;
; PFD_MIN                       ; 0                 ; Untyped                       ;
; PFD_MAX                       ; 0                 ; Untyped                       ;
; M_INITIAL                     ; 0                 ; Untyped                       ;
; M                             ; 0                 ; Untyped                       ;
; N                             ; 1                 ; Untyped                       ;
; M2                            ; 1                 ; Untyped                       ;
; N2                            ; 1                 ; Untyped                       ;
; SS                            ; 1                 ; Untyped                       ;
; C0_HIGH                       ; 0                 ; Untyped                       ;
; C1_HIGH                       ; 0                 ; Untyped                       ;
; C2_HIGH                       ; 0                 ; Untyped                       ;
; C3_HIGH                       ; 0                 ; Untyped                       ;
; C4_HIGH                       ; 0                 ; Untyped                       ;
; C5_HIGH                       ; 0                 ; Untyped                       ;
; C6_HIGH                       ; 0                 ; Untyped                       ;
; C7_HIGH                       ; 0                 ; Untyped                       ;
; C8_HIGH                       ; 0                 ; Untyped                       ;
; C9_HIGH                       ; 0                 ; Untyped                       ;
; C0_LOW                        ; 0                 ; Untyped                       ;
; C1_LOW                        ; 0                 ; Untyped                       ;
; C2_LOW                        ; 0                 ; Untyped                       ;
; C3_LOW                        ; 0                 ; Untyped                       ;
; C4_LOW                        ; 0                 ; Untyped                       ;
; C5_LOW                        ; 0                 ; Untyped                       ;
; C6_LOW                        ; 0                 ; Untyped                       ;
; C7_LOW                        ; 0                 ; Untyped                       ;
; C8_LOW                        ; 0                 ; Untyped                       ;
; C9_LOW                        ; 0                 ; Untyped                       ;
; C0_INITIAL                    ; 0                 ; Untyped                       ;
; C1_INITIAL                    ; 0                 ; Untyped                       ;
; C2_INITIAL                    ; 0                 ; Untyped                       ;
; C3_INITIAL                    ; 0                 ; Untyped                       ;
; C4_INITIAL                    ; 0                 ; Untyped                       ;
; C5_INITIAL                    ; 0                 ; Untyped                       ;
; C6_INITIAL                    ; 0                 ; Untyped                       ;
; C7_INITIAL                    ; 0                 ; Untyped                       ;
; C8_INITIAL                    ; 0                 ; Untyped                       ;
; C9_INITIAL                    ; 0                 ; Untyped                       ;
; C0_MODE                       ; BYPASS            ; Untyped                       ;
; C1_MODE                       ; BYPASS            ; Untyped                       ;
; C2_MODE                       ; BYPASS            ; Untyped                       ;
; C3_MODE                       ; BYPASS            ; Untyped                       ;
; C4_MODE                       ; BYPASS            ; Untyped                       ;
; C5_MODE                       ; BYPASS            ; Untyped                       ;
; C6_MODE                       ; BYPASS            ; Untyped                       ;
; C7_MODE                       ; BYPASS            ; Untyped                       ;
; C8_MODE                       ; BYPASS            ; Untyped                       ;
; C9_MODE                       ; BYPASS            ; Untyped                       ;
; C0_PH                         ; 0                 ; Untyped                       ;
; C1_PH                         ; 0                 ; Untyped                       ;
; C2_PH                         ; 0                 ; Untyped                       ;
; C3_PH                         ; 0                 ; Untyped                       ;
; C4_PH                         ; 0                 ; Untyped                       ;
; C5_PH                         ; 0                 ; Untyped                       ;
; C6_PH                         ; 0                 ; Untyped                       ;
; C7_PH                         ; 0                 ; Untyped                       ;
; C8_PH                         ; 0                 ; Untyped                       ;
; C9_PH                         ; 0                 ; Untyped                       ;
; L0_HIGH                       ; 1                 ; Untyped                       ;
; L1_HIGH                       ; 1                 ; Untyped                       ;
; G0_HIGH                       ; 1                 ; Untyped                       ;
; G1_HIGH                       ; 1                 ; Untyped                       ;
; G2_HIGH                       ; 1                 ; Untyped                       ;
; G3_HIGH                       ; 1                 ; Untyped                       ;
; E0_HIGH                       ; 1                 ; Untyped                       ;
; E1_HIGH                       ; 1                 ; Untyped                       ;
; E2_HIGH                       ; 1                 ; Untyped                       ;
; E3_HIGH                       ; 1                 ; Untyped                       ;
; L0_LOW                        ; 1                 ; Untyped                       ;
; L1_LOW                        ; 1                 ; Untyped                       ;
; G0_LOW                        ; 1                 ; Untyped                       ;
; G1_LOW                        ; 1                 ; Untyped                       ;
; G2_LOW                        ; 1                 ; Untyped                       ;
; G3_LOW                        ; 1                 ; Untyped                       ;
; E0_LOW                        ; 1                 ; Untyped                       ;
; E1_LOW                        ; 1                 ; Untyped                       ;
; E2_LOW                        ; 1                 ; Untyped                       ;
; E3_LOW                        ; 1                 ; Untyped                       ;
; L0_INITIAL                    ; 1                 ; Untyped                       ;
; L1_INITIAL                    ; 1                 ; Untyped                       ;
; G0_INITIAL                    ; 1                 ; Untyped                       ;
; G1_INITIAL                    ; 1                 ; Untyped                       ;
; G2_INITIAL                    ; 1                 ; Untyped                       ;
; G3_INITIAL                    ; 1                 ; Untyped                       ;
; E0_INITIAL                    ; 1                 ; Untyped                       ;
; E1_INITIAL                    ; 1                 ; Untyped                       ;
; E2_INITIAL                    ; 1                 ; Untyped                       ;
; E3_INITIAL                    ; 1                 ; Untyped                       ;
; L0_MODE                       ; BYPASS            ; Untyped                       ;
; L1_MODE                       ; BYPASS            ; Untyped                       ;
; G0_MODE                       ; BYPASS            ; Untyped                       ;
; G1_MODE                       ; BYPASS            ; Untyped                       ;
; G2_MODE                       ; BYPASS            ; Untyped                       ;
; G3_MODE                       ; BYPASS            ; Untyped                       ;
; E0_MODE                       ; BYPASS            ; Untyped                       ;
; E1_MODE                       ; BYPASS            ; Untyped                       ;
; E2_MODE                       ; BYPASS            ; Untyped                       ;
; E3_MODE                       ; BYPASS            ; Untyped                       ;
; L0_PH                         ; 0                 ; Untyped                       ;
; L1_PH                         ; 0                 ; Untyped                       ;
; G0_PH                         ; 0                 ; Untyped                       ;
; G1_PH                         ; 0                 ; Untyped                       ;
; G2_PH                         ; 0                 ; Untyped                       ;
; G3_PH                         ; 0                 ; Untyped                       ;
; E0_PH                         ; 0                 ; Untyped                       ;
; E1_PH                         ; 0                 ; Untyped                       ;
; E2_PH                         ; 0                 ; Untyped                       ;
; E3_PH                         ; 0                 ; Untyped                       ;
; M_PH                          ; 0                 ; Untyped                       ;
; C1_USE_CASC_IN                ; OFF               ; Untyped                       ;
; C2_USE_CASC_IN                ; OFF               ; Untyped                       ;
; C3_USE_CASC_IN                ; OFF               ; Untyped                       ;
; C4_USE_CASC_IN                ; OFF               ; Untyped                       ;
; C5_USE_CASC_IN                ; OFF               ; Untyped                       ;
; C6_USE_CASC_IN                ; OFF               ; Untyped                       ;
; C7_USE_CASC_IN                ; OFF               ; Untyped                       ;
; C8_USE_CASC_IN                ; OFF               ; Untyped                       ;
; C9_USE_CASC_IN                ; OFF               ; Untyped                       ;
; CLK0_COUNTER                  ; G0                ; Untyped                       ;
; CLK1_COUNTER                  ; G0                ; Untyped                       ;
; CLK2_COUNTER                  ; G0                ; Untyped                       ;
; CLK3_COUNTER                  ; G0                ; Untyped                       ;
; CLK4_COUNTER                  ; G0                ; Untyped                       ;
; CLK5_COUNTER                  ; G0                ; Untyped                       ;
; CLK6_COUNTER                  ; E0                ; Untyped                       ;
; CLK7_COUNTER                  ; E1                ; Untyped                       ;
; CLK8_COUNTER                  ; E2                ; Untyped                       ;
; CLK9_COUNTER                  ; E3                ; Untyped                       ;
; L0_TIME_DELAY                 ; 0                 ; Untyped                       ;
; L1_TIME_DELAY                 ; 0                 ; Untyped                       ;
; G0_TIME_DELAY                 ; 0                 ; Untyped                       ;
; G1_TIME_DELAY                 ; 0                 ; Untyped                       ;
; G2_TIME_DELAY                 ; 0                 ; Untyped                       ;
; G3_TIME_DELAY                 ; 0                 ; Untyped                       ;
; E0_TIME_DELAY                 ; 0                 ; Untyped                       ;
; E1_TIME_DELAY                 ; 0                 ; Untyped                       ;
; E2_TIME_DELAY                 ; 0                 ; Untyped                       ;
; E3_TIME_DELAY                 ; 0                 ; Untyped                       ;
; M_TIME_DELAY                  ; 0                 ; Untyped                       ;
; N_TIME_DELAY                  ; 0                 ; Untyped                       ;
; EXTCLK3_COUNTER               ; E3                ; Untyped                       ;
; EXTCLK2_COUNTER               ; E2                ; Untyped                       ;
; EXTCLK1_COUNTER               ; E1                ; Untyped                       ;
; EXTCLK0_COUNTER               ; E0                ; Untyped                       ;
; ENABLE0_COUNTER               ; L0                ; Untyped                       ;
; ENABLE1_COUNTER               ; L0                ; Untyped                       ;
; CHARGE_PUMP_CURRENT           ; 2                 ; Untyped                       ;
; LOOP_FILTER_R                 ;  1.000000         ; Untyped                       ;
; LOOP_FILTER_C                 ; 5                 ; Untyped                       ;
; CHARGE_PUMP_CURRENT_BITS      ; 9999              ; Untyped                       ;
; LOOP_FILTER_R_BITS            ; 9999              ; Untyped                       ;
; LOOP_FILTER_C_BITS            ; 9999              ; Untyped                       ;
; VCO_POST_SCALE                ; 0                 ; Untyped                       ;
; CLK2_OUTPUT_FREQUENCY         ; 0                 ; Untyped                       ;
; CLK1_OUTPUT_FREQUENCY         ; 0                 ; Untyped                       ;
; CLK0_OUTPUT_FREQUENCY         ; 0                 ; Untyped                       ;
; INTENDED_DEVICE_FAMILY        ; Cyclone II        ; Untyped                       ;
; PORT_CLKENA0                  ; PORT_UNUSED       ; Untyped                       ;
; PORT_CLKENA1                  ; PORT_UNUSED       ; Untyped                       ;
; PORT_CLKENA2                  ; PORT_UNUSED       ; Untyped                       ;
; PORT_CLKENA3                  ; PORT_UNUSED       ; Untyped                       ;
; PORT_CLKENA4                  ; PORT_UNUSED       ; Untyped                       ;
; PORT_CLKENA5                  ; PORT_UNUSED       ; Untyped                       ;
; PORT_EXTCLKENA0               ; PORT_CONNECTIVITY ; Untyped                       ;
; PORT_EXTCLKENA1               ; PORT_CONNECTIVITY ; Untyped                       ;
; PORT_EXTCLKENA2               ; PORT_CONNECTIVITY ; Untyped                       ;
; PORT_EXTCLKENA3               ; PORT_CONNECTIVITY ; Untyped                       ;
; PORT_EXTCLK0                  ; PORT_UNUSED       ; Untyped                       ;
; PORT_EXTCLK1                  ; PORT_UNUSED       ; Untyped                       ;
; PORT_EXTCLK2                  ; PORT_UNUSED       ; Untyped                       ;
; PORT_EXTCLK3                  ; PORT_UNUSED       ; Untyped                       ;
; PORT_CLKBAD0                  ; PORT_UNUSED       ; Untyped                       ;
; PORT_CLKBAD1                  ; PORT_UNUSED       ; Untyped                       ;
; PORT_CLK0                     ; PORT_USED         ; Untyped                       ;
; PORT_CLK1                     ; PORT_UNUSED       ; Untyped                       ;
; PORT_CLK2                     ; PORT_UNUSED       ; Untyped                       ;
; PORT_CLK3                     ; PORT_UNUSED       ; Untyped                       ;
; PORT_CLK4                     ; PORT_UNUSED       ; Untyped                       ;
; PORT_CLK5                     ; PORT_UNUSED       ; Untyped                       ;
; PORT_CLK6                     ; PORT_UNUSED       ; Untyped                       ;
; PORT_CLK7                     ; PORT_UNUSED       ; Untyped                       ;
; PORT_CLK8                     ; PORT_UNUSED       ; Untyped                       ;
; PORT_CLK9                     ; PORT_UNUSED       ; Untyped                       ;
; PORT_SCANDATA                 ; PORT_UNUSED       ; Untyped                       ;
; PORT_SCANDATAOUT              ; PORT_UNUSED       ; Untyped                       ;
; PORT_SCANDONE                 ; PORT_UNUSED       ; Untyped                       ;
; PORT_SCLKOUT1                 ; PORT_CONNECTIVITY ; Untyped                       ;
; PORT_SCLKOUT0                 ; PORT_CONNECTIVITY ; Untyped                       ;
; PORT_ACTIVECLOCK              ; PORT_UNUSED       ; Untyped                       ;
; PORT_CLKLOSS                  ; PORT_UNUSED       ; Untyped                       ;
; PORT_INCLK1                   ; PORT_UNUSED       ; Untyped                       ;
; PORT_INCLK0                   ; PORT_USED         ; Untyped                       ;
; PORT_FBIN                     ; PORT_UNUSED       ; Untyped                       ;
; PORT_PLLENA                   ; PORT_UNUSED       ; Untyped                       ;
; PORT_CLKSWITCH                ; PORT_UNUSED       ; Untyped                       ;
; PORT_ARESET                   ; PORT_USED         ; Untyped                       ;
; PORT_PFDENA                   ; PORT_UNUSED       ; Untyped                       ;
; PORT_SCANCLK                  ; PORT_UNUSED       ; Untyped                       ;
; PORT_SCANACLR                 ; PORT_UNUSED       ; Untyped                       ;
; PORT_SCANREAD                 ; PORT_UNUSED       ; Untyped                       ;
; PORT_SCANWRITE                ; PORT_UNUSED       ; Untyped                       ;
; PORT_ENABLE0                  ; PORT_CONNECTIVITY ; Untyped                       ;
; PORT_ENABLE1                  ; PORT_CONNECTIVITY ; Untyped                       ;
; PORT_LOCKED                   ; PORT_USED         ; Untyped                       ;
; PORT_CONFIGUPDATE             ; PORT_UNUSED       ; Untyped                       ;
; PORT_FBOUT                    ; PORT_CONNECTIVITY ; Untyped                       ;
; PORT_PHASEDONE                ; PORT_UNUSED       ; Untyped                       ;
; PORT_PHASESTEP                ; PORT_UNUSED       ; Untyped                       ;
; PORT_PHASEUPDOWN              ; PORT_UNUSED       ; Untyped                       ;
; PORT_SCANCLKENA               ; PORT_UNUSED       ; Untyped                       ;
; PORT_PHASECOUNTERSELECT       ; PORT_UNUSED       ; Untyped                       ;
; PORT_VCOOVERRANGE             ; PORT_CONNECTIVITY ; Untyped                       ;
; PORT_VCOUNDERRANGE            ; PORT_CONNECTIVITY ; Untyped                       ;
; M_TEST_SOURCE                 ; 5                 ; Untyped                       ;
; C0_TEST_SOURCE                ; 5                 ; Untyped                       ;
; C1_TEST_SOURCE                ; 5                 ; Untyped                       ;
; C2_TEST_SOURCE                ; 5                 ; Untyped                       ;
; C3_TEST_SOURCE                ; 5                 ; Untyped                       ;
; C4_TEST_SOURCE                ; 5                 ; Untyped                       ;
; C5_TEST_SOURCE                ; 5                 ; Untyped                       ;
; C6_TEST_SOURCE                ; 5                 ; Untyped                       ;
; C7_TEST_SOURCE                ; 5                 ; Untyped                       ;
; C8_TEST_SOURCE                ; 5                 ; Untyped                       ;
; C9_TEST_SOURCE                ; 5                 ; Untyped                       ;
; CBXI_PARAMETER                ; NOTHING           ; Untyped                       ;
; VCO_FREQUENCY_CONTROL         ; AUTO              ; Untyped                       ;
; VCO_PHASE_SHIFT_STEP          ; 0                 ; Untyped                       ;
; WIDTH_CLOCK                   ; 6                 ; Untyped                       ;
; WIDTH_PHASECOUNTERSELECT      ; 4                 ; Untyped                       ;
; USING_FBMIMICBIDIR_PORT       ; OFF               ; Untyped                       ;
; DEVICE_FAMILY                 ; Cyclone II        ; Untyped                       ;
; SCAN_CHAIN_MIF_FILE           ; UNUSED            ; Untyped                       ;
; SIM_GATE_LOCK_DEVICE_BEHAVIOR ; OFF               ; Untyped                       ;
; AUTO_CARRY_CHAINS             ; ON                ; AUTO_CARRY                    ;
; IGNORE_CARRY_BUFFERS          ; OFF               ; IGNORE_CARRY                  ;
; AUTO_CASCADE_CHAINS           ; ON                ; AUTO_CASCADE                  ;
; IGNORE_CASCADE_BUFFERS        ; OFF               ; IGNORE_CASCADE                ;
+-------------------------------+-------------------+-------------------------------+
Note: In order to hide this table in the UI and the text report file, please set the "Show Parameter Settings Tables in Synthesis Report" option in "Analysis and Synthesis Settings -> More Settings" to "Off".


+----------------------------------------------------------------------------+
; Parameter Settings for User Entity Instance: SCOMP:inst8|altsyncram:MEMORY ;
+------------------------------------+----------------------+----------------+
; Parameter Name                     ; Value                ; Type           ;
+------------------------------------+----------------------+----------------+
; BYTE_SIZE_BLOCK                    ; 8                    ; Untyped        ;
; AUTO_CARRY_CHAINS                  ; ON                   ; AUTO_CARRY     ;
; IGNORE_CARRY_BUFFERS               ; OFF                  ; IGNORE_CARRY   ;
; AUTO_CASCADE_CHAINS                ; ON                   ; AUTO_CASCADE   ;
; IGNORE_CASCADE_BUFFERS             ; OFF                  ; IGNORE_CASCADE ;
; WIDTH_BYTEENA                      ; 1                    ; Untyped        ;
; OPERATION_MODE                     ; SINGLE_PORT          ; Untyped        ;
; WIDTH_A                            ; 16                   ; Signed Integer ;
; WIDTHAD_A                          ; 10                   ; Signed Integer ;
; NUMWORDS_A                         ; 1024                 ; Signed Integer ;
; OUTDATA_REG_A                      ; UNREGISTERED         ; Untyped        ;
; ADDRESS_ACLR_A                     ; NONE                 ; Untyped        ;
; OUTDATA_ACLR_A                     ; NONE                 ; Untyped        ;
; WRCONTROL_ACLR_A                   ; NONE                 ; Untyped        ;
; INDATA_ACLR_A                      ; NONE                 ; Untyped        ;
; BYTEENA_ACLR_A                     ; NONE                 ; Untyped        ;
; WIDTH_B                            ; 1                    ; Signed Integer ;
; WIDTHAD_B                          ; 1                    ; Signed Integer ;
; NUMWORDS_B                         ; 0                    ; Signed Integer ;
; INDATA_REG_B                       ; CLOCK1               ; Untyped        ;
; WRCONTROL_WRADDRESS_REG_B          ; CLOCK1               ; Untyped        ;
; RDCONTROL_REG_B                    ; CLOCK1               ; Untyped        ;
; ADDRESS_REG_B                      ; CLOCK1               ; Untyped        ;
; OUTDATA_REG_B                      ; UNREGISTERED         ; Untyped        ;
; BYTEENA_REG_B                      ; CLOCK1               ; Untyped        ;
; INDATA_ACLR_B                      ; NONE                 ; Untyped        ;
; WRCONTROL_ACLR_B                   ; NONE                 ; Untyped        ;
; ADDRESS_ACLR_B                     ; NONE                 ; Untyped        ;
; OUTDATA_ACLR_B                     ; NONE                 ; Untyped        ;
; RDCONTROL_ACLR_B                   ; NONE                 ; Untyped        ;
; BYTEENA_ACLR_B                     ; NONE                 ; Untyped        ;
; WIDTH_BYTEENA_A                    ; 1                    ; Signed Integer ;
; WIDTH_BYTEENA_B                    ; 1                    ; Signed Integer ;
; RAM_BLOCK_TYPE                     ; AUTO                 ; Untyped        ;
; BYTE_SIZE                          ; 8                    ; Signed Integer ;
; READ_DURING_WRITE_MODE_MIXED_PORTS ; DONT_CARE            ; Untyped        ;
; READ_DURING_WRITE_MODE_PORT_A      ; NEW_DATA_NO_NBE_READ ; Untyped        ;
; READ_DURING_WRITE_MODE_PORT_B      ; NEW_DATA_NO_NBE_READ ; Untyped        ;
; INIT_FILE                          ; led_counter.mif      ; Untyped        ;
; INIT_FILE_LAYOUT                   ; PORT_A               ; Untyped        ;
; MAXIMUM_DEPTH                      ; 0                    ; Signed Integer ;
; CLOCK_ENABLE_INPUT_A               ; NORMAL               ; Untyped        ;
; CLOCK_ENABLE_INPUT_B               ; NORMAL               ; Untyped        ;
; CLOCK_ENABLE_OUTPUT_A              ; NORMAL               ; Untyped        ;
; CLOCK_ENABLE_OUTPUT_B              ; NORMAL               ; Untyped        ;
; CLOCK_ENABLE_CORE_A                ; USE_INPUT_CLKEN      ; Untyped        ;
; CLOCK_ENABLE_CORE_B                ; USE_INPUT_CLKEN      ; Untyped        ;
; ENABLE_ECC                         ; FALSE                ; Untyped        ;
; DEVICE_FAMILY                      ; Cyclone II           ; Untyped        ;
; CBXI_PARAMETER                     ; altsyncram_0kt3      ; Untyped        ;
+------------------------------------+----------------------+----------------+
Note: In order to hide this table in the UI and the text report file, please set the "Show Parameter Settings Tables in Synthesis Report" option in "Analysis and Synthesis Settings -> More Settings" to "Off".


+------------------------------------------------------------------------------+
; Parameter Settings for User Entity Instance: SCOMP:inst8|LPM_CLSHIFT:SHIFTER ;
+----------------+-----------------+-------------------------------------------+
; Parameter Name ; Value           ; Type                                      ;
+----------------+-----------------+-------------------------------------------+
; LPM_PIPELINE   ; 0               ; Untyped                                   ;
; LPM_SHIFTTYPE  ; LOGICAL         ; Untyped                                   ;
; LPM_WIDTH      ; 16              ; Signed Integer                            ;
; LPM_WIDTHDIST  ; 4               ; Signed Integer                            ;
; CBXI_PARAMETER ; lpm_clshift_0kc ; Untyped                                   ;
+----------------+-----------------+-------------------------------------------+
Note: In order to hide this table in the UI and the text report file, please set the "Show Parameter Settings Tables in Synthesis Report" option in "Analysis and Synthesis Settings -> More Settings" to "Off".


+----------------------------------------------------------------------------+
; Parameter Settings for User Entity Instance: SCOMP:inst8|LPM_BUSTRI:IO_BUS ;
+----------------+-------+---------------------------------------------------+
; Parameter Name ; Value ; Type                                              ;
+----------------+-------+---------------------------------------------------+
; LPM_WIDTH      ; 16    ; Signed Integer                                    ;
+----------------+-------+---------------------------------------------------+
Note: In order to hide this table in the UI and the text report file, please set the "Show Parameter Settings Tables in Synthesis Report" option in "Analysis and Synthesis Settings -> More Settings" to "Off".


+----------------------------------------------------------------------------+
; Parameter Settings for User Entity Instance: TIMER:inst7|LPM_BUSTRI:IO_BUS ;
+----------------+-------+---------------------------------------------------+
; Parameter Name ; Value ; Type                                              ;
+----------------+-------+---------------------------------------------------+
; LPM_WIDTH      ; 16    ; Signed Integer                                    ;
+----------------+-------+---------------------------------------------------+
Note: In order to hide this table in the UI and the text report file, please set the "Show Parameter Settings Tables in Synthesis Report" option in "Analysis and Synthesis Settings -> More Settings" to "Off".


+-----------------------------------------------------------------------------+
; Parameter Settings for User Entity Instance: DIG_IN:inst5|LPM_BUSTRI:IO_BUS ;
+----------------+-------+----------------------------------------------------+
; Parameter Name ; Value ; Type                                               ;
+----------------+-------+----------------------------------------------------+
; LPM_WIDTH      ; 16    ; Signed Integer                                     ;
+----------------+-------+----------------------------------------------------+
Note: In order to hide this table in the UI and the text report file, please set the "Show Parameter Settings Tables in Synthesis Report" option in "Analysis and Synthesis Settings -> More Settings" to "Off".


+-----------------------------------------------------------------------------+
; Parameter Settings for User Entity Instance: DIG_IN:inst6|LPM_BUSTRI:IO_BUS ;
+----------------+-------+----------------------------------------------------+
; Parameter Name ; Value ; Type                                               ;
+----------------+-------+----------------------------------------------------+
; LPM_WIDTH      ; 16    ; Signed Integer                                     ;
+----------------+-------+----------------------------------------------------+
Note: In order to hide this table in the UI and the text report file, please set the "Show Parameter Settings Tables in Synthesis Report" option in "Analysis and Synthesis Settings -> More Settings" to "Off".


+----------------------------------------------------------------------+
; altpll Parameter Settings by Entity Instance                         ;
+-------------------------------+--------------------------------------+
; Name                          ; Value                                ;
+-------------------------------+--------------------------------------+
; Number of entity instances    ; 1                                    ;
; Entity Instance               ; altpll0:inst|altpll:altpll_component ;
;     -- OPERATION_MODE         ; NORMAL                               ;
;     -- PLL_TYPE               ; AUTO                                 ;
;     -- PRIMARY_CLOCK          ; INCLK0                               ;
;     -- INCLK0_INPUT_FREQUENCY ; 20000                                ;
;     -- INCLK1_INPUT_FREQUENCY ; 0                                    ;
;     -- VCO_MULTIPLY_BY        ; 0                                    ;
;     -- VCO_DIVIDE_BY          ; 0                                    ;
+-------------------------------+--------------------------------------+


+---------------------------------------------------------------------------+
; altsyncram Parameter Settings by Entity Instance                          ;
+-------------------------------------------+-------------------------------+
; Name                                      ; Value                         ;
+-------------------------------------------+-------------------------------+
; Number of entity instances                ; 1                             ;
; Entity Instance                           ; SCOMP:inst8|altsyncram:MEMORY ;
;     -- OPERATION_MODE                     ; SINGLE_PORT                   ;
;     -- WIDTH_A                            ; 16                            ;
;     -- NUMWORDS_A                         ; 1024                          ;
;     -- OUTDATA_REG_A                      ; UNREGISTERED                  ;
;     -- WIDTH_B                            ; 1                             ;
;     -- NUMWORDS_B                         ; 0                             ;
;     -- ADDRESS_REG_B                      ; CLOCK1                        ;
;     -- OUTDATA_REG_B                      ; UNREGISTERED                  ;
;     -- RAM_BLOCK_TYPE                     ; AUTO                          ;
;     -- READ_DURING_WRITE_MODE_MIXED_PORTS ; DONT_CARE                     ;
+-------------------------------------------+-------------------------------+


+-------------------------------+
; Analysis & Synthesis Messages ;
+-------------------------------+
Info: *******************************************************************
Info: Running Quartus II Analysis & Synthesis
    Info: Version 9.1 Build 350 03/24/2010 Service Pack 2 SJ Full Version
    Info: Processing started: Thu Oct 22 15:35:09 2015
Info: Command: quartus_map --read_settings_files=on --write_settings_files=off top_scomp -c top_scomp
Info: Parallel compilation is enabled and will use 2 of the 2 processors detected
Info: Found 2 design units, including 1 entities, in source file timer.vhd
    Info: Found design unit 1: TIMER-a
    Info: Found entity 1: TIMER
Info: Found 2 design units, including 1 entities, in source file scomp.vhd
    Info: Found design unit 1: SCOMP-a
    Info: Found entity 1: SCOMP
Info: Found 1 design units, including 1 entities, in source file top_scomp.bdf
    Info: Found entity 1: top_scomp
Info: Found 2 design units, including 1 entities, in source file leds.vhd
    Info: Found design unit 1: LEDS-a
    Info: Found entity 1: LEDS
Info: Found 2 design units, including 1 entities, in source file altpll0.vhd
    Info: Found design unit 1: altpll0-SYN
    Info: Found entity 1: altpll0
Info: Found 2 design units, including 1 entities, in source file acc_clk_gen.vhd
    Info: Found design unit 1: acc_clk_gen-a
    Info: Found entity 1: acc_clk_gen
Info: Found 2 design units, including 1 entities, in source file dig_in.vhd
    Info: Found design unit 1: DIG_IN-a
    Info: Found entity 1: DIG_IN
Info: Found 2 design units, including 1 entities, in source file hex_disp.vhd
    Info: Found design unit 1: hex_disp-a
    Info: Found entity 1: hex_disp
Info: Found 2 design units, including 1 entities, in source file lpm_bustri0.vhd
    Info: Found design unit 1: lpm_bustri0-SYN
    Info: Found entity 1: lpm_bustri0
Info: Found 2 design units, including 1 entities, in source file lpm_bustri1.vhd
    Info: Found design unit 1: lpm_bustri1-SYN
    Info: Found entity 1: lpm_bustri1
Info: Elaborating entity "top_scomp" for the top level hierarchy
Info: Elaborating entity "altpll0" for hierarchy "altpll0:inst"
Info: Elaborating entity "altpll" for hierarchy "altpll0:inst|altpll:altpll_component"
Info: Elaborated megafunction instantiation "altpll0:inst|altpll:altpll_component"
Info: Instantiated megafunction "altpll0:inst|altpll:altpll_component" with the following parameter:
    Info: Parameter "clk0_divide_by" = "5"
    Info: Parameter "clk0_duty_cycle" = "50"
    Info: Parameter "clk0_multiply_by" = "3"
    Info: Parameter "clk0_phase_shift" = "-5000"
    Info: Parameter "compensate_clock" = "CLK0"
    Info: Parameter "gate_lock_signal" = "NO"
    Info: Parameter "inclk0_input_frequency" = "20000"
    Info: Parameter "intended_device_family" = "Cyclone II"
    Info: Parameter "invalid_lock_multiplier" = "5"
    Info: Parameter "lpm_type" = "altpll"
    Info: Parameter "operation_mode" = "NORMAL"
    Info: Parameter "port_activeclock" = "PORT_UNUSED"
    Info: Parameter "port_areset" = "PORT_USED"
    Info: Parameter "port_clkbad0" = "PORT_UNUSED"
    Info: Parameter "port_clkbad1" = "PORT_UNUSED"
    Info: Parameter "port_clkloss" = "PORT_UNUSED"
    Info: Parameter "port_clkswitch" = "PORT_UNUSED"
    Info: Parameter "port_configupdate" = "PORT_UNUSED"
    Info: Parameter "port_fbin" = "PORT_UNUSED"
    Info: Parameter "port_inclk0" = "PORT_USED"
    Info: Parameter "port_inclk1" = "PORT_UNUSED"
    Info: Parameter "port_locked" = "PORT_USED"
    Info: Parameter "port_pfdena" = "PORT_UNUSED"
    Info: Parameter "port_phasecounterselect" = "PORT_UNUSED"
    Info: Parameter "port_phasedone" = "PORT_UNUSED"
    Info: Parameter "port_phasestep" = "PORT_UNUSED"
    Info: Parameter "port_phaseupdown" = "PORT_UNUSED"
    Info: Parameter "port_pllena" = "PORT_UNUSED"
    Info: Parameter "port_scanaclr" = "PORT_UNUSED"
    Info: Parameter "port_scanclk" = "PORT_UNUSED"
    Info: Parameter "port_scanclkena" = "PORT_UNUSED"
    Info: Parameter "port_scandata" = "PORT_UNUSED"
    Info: Parameter "port_scandataout" = "PORT_UNUSED"
    Info: Parameter "port_scandone" = "PORT_UNUSED"
    Info: Parameter "port_scanread" = "PORT_UNUSED"
    Info: Parameter "port_scanwrite" = "PORT_UNUSED"
    Info: Parameter "port_clk0" = "PORT_USED"
    Info: Parameter "port_clk1" = "PORT_UNUSED"
    Info: Parameter "port_clk2" = "PORT_UNUSED"
    Info: Parameter "port_clk3" = "PORT_UNUSED"
    Info: Parameter "port_clk4" = "PORT_UNUSED"
    Info: Parameter "port_clk5" = "PORT_UNUSED"
    Info: Parameter "port_clkena0" = "PORT_UNUSED"
    Info: Parameter "port_clkena1" = "PORT_UNUSED"
    Info: Parameter "port_clkena2" = "PORT_UNUSED"
    Info: Parameter "port_clkena3" = "PORT_UNUSED"
    Info: Parameter "port_clkena4" = "PORT_UNUSED"
    Info: Parameter "port_clkena5" = "PORT_UNUSED"
    Info: Parameter "port_extclk0" = "PORT_UNUSED"
    Info: Parameter "port_extclk1" = "PORT_UNUSED"
    Info: Parameter "port_extclk2" = "PORT_UNUSED"
    Info: Parameter "port_extclk3" = "PORT_UNUSED"
    Info: Parameter "valid_lock_multiplier" = "1"
Info: Elaborating entity "SCOMP" for hierarchy "SCOMP:inst8"
Info: Elaborating entity "altsyncram" for hierarchy "SCOMP:inst8|altsyncram:MEMORY"
Info: Elaborated megafunction instantiation "SCOMP:inst8|altsyncram:MEMORY"
Info: Instantiated megafunction "SCOMP:inst8|altsyncram:MEMORY" with the following parameter:
    Info: Parameter "address_aclr_a" = "NONE"
    Info: Parameter "address_aclr_b" = "NONE"
    Info: Parameter "address_reg_b" = "CLOCK1"
    Info: Parameter "byte_size" = "8"
    Info: Parameter "byteena_aclr_a" = "UNUSED"
    Info: Parameter "byteena_aclr_b" = "NONE"
    Info: Parameter "byteena_reg_b" = "CLOCK1"
    Info: Parameter "clock_enable_core_a" = "USE_INPUT_CLKEN"
    Info: Parameter "clock_enable_core_b" = "USE_INPUT_CLKEN"
    Info: Parameter "clock_enable_input_a" = "NORMAL"
    Info: Parameter "clock_enable_input_b" = "NORMAL"
    Info: Parameter "clock_enable_output_a" = "NORMAL"
    Info: Parameter "clock_enable_output_b" = "NORMAL"
    Info: Parameter "intended_device_family" = "Cyclone"
    Info: Parameter "enable_ecc" = "FALSE"
    Info: Parameter "implement_in_les" = "OFF"
    Info: Parameter "indata_aclr_a" = "NONE"
    Info: Parameter "indata_aclr_b" = "NONE"
    Info: Parameter "indata_reg_b" = "CLOCK1"
    Info: Parameter "init_file" = "led_counter.mif"
    Info: Parameter "init_file_layout" = "PORT_A"
    Info: Parameter "maximum_depth" = "0"
    Info: Parameter "numwords_a" = "1024"
    Info: Parameter "numwords_b" = "0"
    Info: Parameter "operation_mode" = "SINGLE_PORT"
    Info: Parameter "outdata_aclr_a" = "NONE"
    Info: Parameter "outdata_aclr_b" = "NONE"
    Info: Parameter "outdata_reg_a" = "UNREGISTERED"
    Info: Parameter "outdata_reg_b" = "UNREGISTERED"
    Info: Parameter "power_up_uninitialized" = "FALSE"
    Info: Parameter "ram_block_type" = "AUTO"
    Info: Parameter "rdcontrol_aclr_b" = "NONE"
    Info: Parameter "rdcontrol_reg_b" = "CLOCK1"
    Info: Parameter "read_during_write_mode_mixed_ports" = "DONT_CARE"
    Info: Parameter "read_during_write_mode_port_a" = "NEW_DATA_NO_NBE_READ"
    Info: Parameter "read_during_write_mode_port_b" = "NEW_DATA_NO_NBE_READ"
    Info: Parameter "stratixiv_m144k_allow_dual_clocks" = "ON"
    Info: Parameter "width_a" = "16"
    Info: Parameter "width_b" = "1"
    Info: Parameter "width_byteena_a" = "1"
    Info: Parameter "width_byteena_b" = "1"
    Info: Parameter "widthad_a" = "10"
    Info: Parameter "widthad_b" = "1"
    Info: Parameter "wrcontrol_aclr_a" = "NONE"
    Info: Parameter "wrcontrol_aclr_b" = "NONE"
    Info: Parameter "wrcontrol_wraddress_reg_b" = "CLOCK1"
    Info: Parameter "lpm_hint" = "ENABLE_RUNTIME_MOD=NO"
    Info: Parameter "lpm_type" = "altsyncram"
Info: Found 1 design units, including 1 entities, in source file db/altsyncram_0kt3.tdf
    Info: Found entity 1: altsyncram_0kt3
Info: Elaborating entity "altsyncram_0kt3" for hierarchy "SCOMP:inst8|altsyncram:MEMORY|altsyncram_0kt3:auto_generated"
Warning: 14 out of 1024 addresses are reinitialized. The latest initialized data will replace the existing data. There are 14 warnings found, and 10 warnings are reported.
    Warning: Memory Initialization File address 0 is reinitialized
    Warning: Memory Initialization File address 1 is reinitialized
    Warning: Memory Initialization File address 2 is reinitialized
    Warning: Memory Initialization File address 3 is reinitialized
    Warning: Memory Initialization File address 4 is reinitialized
    Warning: Memory Initialization File address 5 is reinitialized
    Warning: Memory Initialization File address 6 is reinitialized
    Warning: Memory Initialization File address 7 is reinitialized
    Warning: Memory Initialization File address 8 is reinitialized
    Warning: Memory Initialization File address 9 is reinitialized
Info: Elaborating entity "LPM_CLSHIFT" for hierarchy "SCOMP:inst8|LPM_CLSHIFT:SHIFTER"
Info: Elaborated megafunction instantiation "SCOMP:inst8|LPM_CLSHIFT:SHIFTER"
Info: Instantiated megafunction "SCOMP:inst8|LPM_CLSHIFT:SHIFTER" with the following parameter:
    Info: Parameter "LPM_WIDTH" = "16"
    Info: Parameter "LPM_WIDTHDIST" = "4"
    Info: Parameter "LPM_SHIFTTYPE" = "LOGICAL"
    Info: Parameter "LPM_TYPE" = "LPM_CLSHIFT"
    Info: Parameter "LPM_HINT" = "UNUSED"
Info: Found 1 design units, including 1 entities, in source file db/lpm_clshift_0kc.tdf
    Info: Found entity 1: lpm_clshift_0kc
Info: Elaborating entity "lpm_clshift_0kc" for hierarchy "SCOMP:inst8|LPM_CLSHIFT:SHIFTER|lpm_clshift_0kc:auto_generated"
Info: Elaborating entity "LPM_BUSTRI" for hierarchy "SCOMP:inst8|LPM_BUSTRI:IO_BUS"
Info: Elaborated megafunction instantiation "SCOMP:inst8|LPM_BUSTRI:IO_BUS"
Info: Instantiated megafunction "SCOMP:inst8|LPM_BUSTRI:IO_BUS" with the following parameter:
    Info: Parameter "LPM_WIDTH" = "16"
    Info: Parameter "LPM_TYPE" = "LPM_BUSTRI"
    Info: Parameter "LPM_HINT" = "UNUSED"
Info: Elaborating entity "hex_disp" for hierarchy "hex_disp:inst27"
Info: Elaborating entity "TIMER" for hierarchy "TIMER:inst7"
Info: Elaborating entity "acc_clk_gen" for hierarchy "acc_clk_gen:inst19"
Info: Elaborating entity "DIG_IN" for hierarchy "DIG_IN:inst5"
Info: Elaborating entity "LEDS" for hierarchy "LEDS:inst14"
Warning: Output pins are stuck at VCC or GND
    Warning (13410): Pin "HEX0[6]" is stuck at VCC
    Warning (13410): Pin "HEX0[5]" is stuck at VCC
    Warning (13410): Pin "HEX0[4]" is stuck at VCC
    Warning (13410): Pin "HEX0[3]" is stuck at VCC
    Warning (13410): Pin "HEX0[2]" is stuck at VCC
    Warning (13410): Pin "HEX0[1]" is stuck at VCC
    Warning (13410): Pin "HEX0[0]" is stuck at VCC
    Warning (13410): Pin "HEX1[6]" is stuck at VCC
    Warning (13410): Pin "HEX1[5]" is stuck at VCC
    Warning (13410): Pin "HEX1[4]" is stuck at VCC
    Warning (13410): Pin "HEX1[3]" is stuck at VCC
    Warning (13410): Pin "HEX1[2]" is stuck at VCC
    Warning (13410): Pin "HEX1[1]" is stuck at VCC
    Warning (13410): Pin "HEX1[0]" is stuck at VCC
    Warning (13410): Pin "HEX2[6]" is stuck at VCC
    Warning (13410): Pin "HEX2[5]" is stuck at VCC
    Warning (13410): Pin "HEX2[4]" is stuck at VCC
    Warning (13410): Pin "HEX2[3]" is stuck at VCC
    Warning (13410): Pin "HEX2[2]" is stuck at VCC
    Warning (13410): Pin "HEX2[1]" is stuck at VCC
    Warning (13410): Pin "HEX2[0]" is stuck at VCC
    Warning (13410): Pin "HEX3[6]" is stuck at VCC
    Warning (13410): Pin "HEX3[5]" is stuck at VCC
    Warning (13410): Pin "HEX3[4]" is stuck at VCC
    Warning (13410): Pin "HEX3[3]" is stuck at VCC
    Warning (13410): Pin "HEX3[2]" is stuck at VCC
    Warning (13410): Pin "HEX3[1]" is stuck at VCC
    Warning (13410): Pin "HEX3[0]" is stuck at VCC
    Warning (13410): Pin "LEDG[8]" is stuck at GND
    Warning (13410): Pin "LEDG[7]" is stuck at GND
    Warning (13410): Pin "LEDG[6]" is stuck at GND
    Warning (13410): Pin "LEDG[5]" is stuck at GND
    Warning (13410): Pin "LEDG[4]" is stuck at GND
    Warning (13410): Pin "LEDG[3]" is stuck at GND
    Warning (13410): Pin "LEDG[2]" is stuck at GND
    Warning (13410): Pin "LEDG[1]" is stuck at GND
    Warning (13410): Pin "LEDG[0]" is stuck at GND
    Warning (13410): Pin "LEDR[17]" is stuck at GND
    Warning (13410): Pin "LEDR[16]" is stuck at GND
Info: Implemented 727 device resources after synthesis - the final resource count might be different
    Info: Implemented 33 input pins
    Info: Implemented 122 output pins
    Info: Implemented 16 bidirectional pins
    Info: Implemented 539 logic cells
    Info: Implemented 16 RAM segments
    Info: Implemented 1 PLLs
Info: Quartus II Analysis & Synthesis was successful. 0 errors, 51 warnings
    Info: Peak virtual memory: 254 megabytes
    Info: Processing ended: Thu Oct 22 15:35:21 2015
    Info: Elapsed time: 00:00:12
    Info: Total CPU time (on all processors): 00:00:06


