Flow report for top_scomp
Thu Oct 22 16:03:02 2015
Quartus II Version 9.1 Build 350 03/24/2010 Service Pack 2 SJ Full Version


---------------------
; Table of Contents ;
---------------------
  1. Legal Notice
  2. Flow Summary
  3. Flow Settings
  4. Flow Non-Default Global Settings
  5. Flow Elapsed Time
  6. Flow OS Summary
  7. Flow Log



----------------
; Legal Notice ;
----------------
Copyright (C) 1991-2010 Altera Corporation
Your use of Altera Corporation's design tools, logic functions 
and other software and tools, and its AMPP partner logic 
functions, and any output files from any of the foregoing 
(including device programming or simulation files), and any 
associated documentation or information are expressly subject 
to the terms and conditions of the Altera Program License 
Subscription Agreement, Altera MegaCore Function License 
Agreement, or other applicable license agreement, including, 
without limitation, that your use is for the sole purpose of 
programming logic devices manufactured by Altera and sold by 
Altera or its authorized distributors.  Please refer to the 
applicable agreement for further details.



+------------------------------------------------------------------------------------+
; Flow Summary                                                                       ;
+------------------------------------+-----------------------------------------------+
; Flow Status                        ; Successful - Thu Oct 22 16:03:02 2015         ;
; Quartus II Version                 ; 9.1 Build 350 03/24/2010 SP 2 SJ Full Version ;
; Revision Name                      ; top_scomp                                     ;
; Top-level Entity Name              ; top_scomp                                     ;
; Family                             ; Cyclone II                                    ;
; Device                             ; EP2C35F672C6                                  ;
; Timing Models                      ; Final                                         ;
; Met timing requirements            ; No                                            ;
; Total logic elements               ; 501 / 33,216 ( 2 % )                          ;
;     Total combinational functions  ; 477 / 33,216 ( 1 % )                          ;
;     Dedicated logic registers      ; 149 / 33,216 ( < 1 % )                        ;
; Total registers                    ; 149                                           ;
; Total pins                         ; 171 / 475 ( 36 % )                            ;
; Total virtual pins                 ; 0                                             ;
; Total memory bits                  ; 16,384 / 483,840 ( 3 % )                      ;
; Embedded Multiplier 9-bit elements ; 0 / 70 ( 0 % )                                ;
; Total PLLs                         ; 1 / 4 ( 25 % )                                ;
+------------------------------------+-----------------------------------------------+


+-----------------------------------------+
; Flow Settings                           ;
+-------------------+---------------------+
; Option            ; Setting             ;
+-------------------+---------------------+
; Start date & time ; 10/22/2015 15:35:11 ;
; Main task         ; Compilation         ;
; Revision Name     ; top_scomp           ;
+-------------------+---------------------+


+-------------------------------------------------------------------------------------------------------------------------------------------------------------------------+
; Flow Non-Default Global Settings                                                                                                                                        ;
+------------------------+-----------------------------------------------------------------------------------------------------+---------------+-------------+------------+
; Assignment Name        ; Value                                                                                               ; Default Value ; Entity Name ; Section Id ;
+------------------------+-----------------------------------------------------------------------------------------------------+---------------+-------------+------------+
; COMPILER_SIGNATURE_ID  ; 132228163337.144554251008756                                                                        ; --            ; --          ; --         ;
; ENABLE_SIGNALTAP       ; Off                                                                                                 ; --            ; --          ; --         ;
; IP_TOOL_NAME           ; ALTPLL                                                                                              ; --            ; --          ; --         ;
; IP_TOOL_NAME           ; LPM_BUSTRI                                                                                          ; --            ; --          ; --         ;
; IP_TOOL_NAME           ; LPM_BUSTRI                                                                                          ; --            ; --          ; --         ;
; IP_TOOL_VERSION        ; 9.1                                                                                                 ; --            ; --          ; --         ;
; IP_TOOL_VERSION        ; 9.0                                                                                                 ; --            ; --          ; --         ;
; IP_TOOL_VERSION        ; 9.0                                                                                                 ; --            ; --          ; --         ;
; MAX_CORE_JUNCTION_TEMP ; 85                                                                                                  ; --            ; --          ; --         ;
; MIN_CORE_JUNCTION_TEMP ; 0                                                                                                   ; --            ; --          ; --         ;
; MISC_FILE              ; altpll0.bsf                                                                                         ; --            ; --          ; --         ;
; MISC_FILE              ; altpll0.cmp                                                                                         ; --            ; --          ; --         ;
; MISC_FILE              ; altpll0.ppf                                                                                         ; --            ; --          ; --         ;
; MISC_FILE              ; C:/Documents and Settings/tc3/My Documents/DigitalDesignLab/DesignFiles/Lab8SolvedDE2/top_scomp.dpf ; --            ; --          ; --         ;
; MISC_FILE              ; lpm_bustri0.bsf                                                                                     ; --            ; --          ; --         ;
; MISC_FILE              ; lpm_bustri0.cmp                                                                                     ; --            ; --          ; --         ;
; MISC_FILE              ; lpm_bustri1.bsf                                                                                     ; --            ; --          ; --         ;
; MISC_FILE              ; lpm_bustri1.cmp                                                                                     ; --            ; --          ; --         ;
; PARTITION_COLOR        ; 16764057                                                                                            ; --            ; --          ; Top        ;
; PARTITION_NETLIST_TYPE ; SOURCE                                                                                              ; --            ; --          ; Top        ;
; SMART_RECOMPILE        ; On                                                                                                  ; Off           ; --          ; --         ;
; USER_LIBRARIES         ; C:\altera\quartus42\libraries\booksoft\UP2/                                                         ; --            ; --          ; --         ;
; USE_SIGNALTAP_FILE     ; stp1.stp                                                                                            ; --            ; --          ; --         ;
+------------------------+-----------------------------------------------------------------------------------------------------+---------------+-------------+------------+


+-----------------------------------------------------------------------------------------------------------------------------+
; Flow Elapsed Time                                                                                                           ;
+-------------------------+--------------+-------------------------+---------------------+------------------------------------+
; Module Name             ; Elapsed Time ; Average Processors Used ; Peak Virtual Memory ; Total CPU Time (on all processors) ;
+-------------------------+--------------+-------------------------+---------------------+------------------------------------+
; Analysis & Synthesis    ; 00:00:10     ; 1.0                     ; 254 MB              ; 00:00:06                           ;
; Fitter                  ; 00:00:10     ; 1.3                     ; 292 MB              ; 00:00:11                           ;
; Assembler               ; 00:00:11     ; 1.0                     ; 261 MB              ; 00:00:03                           ;
; Classic Timing Analyzer ; 00:00:03     ; 1.0                     ; 170 MB              ; 00:00:01                           ;
; MIF/HEX Update          ; 00:00:02     ; 1.0                     ; 216 MB              ; 00:00:01                           ;
; Assembler               ; 00:00:11     ; 1.0                     ; 261 MB              ; 00:00:03                           ;
; MIF/HEX Update          ; 00:00:02     ; 1.0                     ; 216 MB              ; 00:00:01                           ;
; Assembler               ; 00:00:11     ; 1.0                     ; 261 MB              ; 00:00:03                           ;
; MIF/HEX Update          ; 00:00:02     ; 1.0                     ; 216 MB              ; 00:00:01                           ;
; MIF/HEX Update          ; 00:00:02     ; 1.0                     ; 216 MB              ; 00:00:01                           ;
; MIF/HEX Update          ; 00:00:02     ; 1.0                     ; 216 MB              ; 00:00:01                           ;
; MIF/HEX Update          ; 00:00:02     ; 1.0                     ; 216 MB              ; 00:00:01                           ;
; Assembler               ; 00:00:11     ; 1.0                     ; 261 MB              ; 00:00:03                           ;
; MIF/HEX Update          ; 00:00:01     ; 1.0                     ; 216 MB              ; 00:00:01                           ;
; MIF/HEX Update          ; 00:00:02     ; 1.0                     ; 215 MB              ; 00:00:01                           ;
; Assembler               ; 00:00:11     ; 1.0                     ; 261 MB              ; 00:00:03                           ;
; MIF/HEX Update          ; 00:00:01     ; 1.0                     ; 215 MB              ; 00:00:01                           ;
; Assembler               ; 00:00:11     ; 1.0                     ; 261 MB              ; 00:00:03                           ;
; Total                   ; 00:01:45     ; --                      ; --                  ; 00:00:45                           ;
+-------------------------+--------------+-------------------------+---------------------+------------------------------------+


+------------------------------------------------------------------------------------------+
; Flow OS Summary                                                                          ;
+-------------------------+------------------+---------------+------------+----------------+
; Module Name             ; Machine Hostname ; OS Name       ; OS Version ; Processor type ;
+-------------------------+------------------+---------------+------------+----------------+
; Analysis & Synthesis    ; 2031LAB007       ; Windows Vista ; 6.1        ; x86_64         ;
; Fitter                  ; 2031LAB007       ; Windows Vista ; 6.1        ; x86_64         ;
; Assembler               ; 2031LAB007       ; Windows Vista ; 6.1        ; x86_64         ;
; Classic Timing Analyzer ; 2031LAB007       ; Windows Vista ; 6.1        ; x86_64         ;
; MIF/HEX Update          ; 2031LAB007       ; Windows Vista ; 6.1        ; x86_64         ;
; Assembler               ; 2031LAB007       ; Windows Vista ; 6.1        ; x86_64         ;
; MIF/HEX Update          ; 2031LAB007       ; Windows Vista ; 6.1        ; x86_64         ;
; Assembler               ; 2031LAB007       ; Windows Vista ; 6.1        ; x86_64         ;
; MIF/HEX Update          ; 2031LAB007       ; Windows Vista ; 6.1        ; x86_64         ;
; MIF/HEX Update          ; 2031LAB007       ; Windows Vista ; 6.1        ; x86_64         ;
; MIF/HEX Update          ; 2031LAB007       ; Windows Vista ; 6.1        ; x86_64         ;
; MIF/HEX Update          ; 2031LAB007       ; Windows Vista ; 6.1        ; x86_64         ;
; Assembler               ; 2031LAB007       ; Windows Vista ; 6.1        ; x86_64         ;
; MIF/HEX Update          ; 2031LAB007       ; Windows Vista ; 6.1        ; x86_64         ;
; MIF/HEX Update          ; 2031LAB007       ; Windows Vista ; 6.1        ; x86_64         ;
; Assembler               ; 2031LAB007       ; Windows Vista ; 6.1        ; x86_64         ;
; MIF/HEX Update          ; 2031LAB007       ; Windows Vista ; 6.1        ; x86_64         ;
; Assembler               ; 2031LAB007       ; Windows Vista ; 6.1        ; x86_64         ;
+-------------------------+------------------+---------------+------------+----------------+


------------
; Flow Log ;
------------
quartus_map --read_settings_files=on --write_settings_files=off top_scomp -c top_scomp
quartus_fit --read_settings_files=off --write_settings_files=off top_scomp -c top_scomp
quartus_asm --read_settings_files=off --write_settings_files=off top_scomp -c top_scomp
quartus_tan --read_settings_files=off --write_settings_files=off top_scomp -c top_scomp --timing_analysis_only
quartus_cdb top_scomp -c top_scomp --update_mif
quartus_asm --read_settings_files=on --write_settings_files=off top_scomp -c top_scomp
quartus_cdb top_scomp -c top_scomp --update_mif
quartus_asm --read_settings_files=on --write_settings_files=off top_scomp -c top_scomp
quartus_cdb top_scomp -c top_scomp --update_mif
quartus_cdb top_scomp -c top_scomp --update_mif
quartus_cdb top_scomp -c top_scomp --update_mif
quartus_cdb top_scomp -c top_scomp --update_mif
quartus_asm --read_settings_files=on --write_settings_files=off top_scomp -c top_scomp
quartus_cdb top_scomp -c top_scomp --update_mif
quartus_cdb top_scomp -c top_scomp --update_mif
quartus_asm --read_settings_files=on --write_settings_files=off top_scomp -c top_scomp
quartus_cdb top_scomp -c top_scomp --update_mif
quartus_asm --read_settings_files=on --write_settings_files=off top_scomp -c top_scomp



